------------------------------------------------------------------------------------------------------------------------

[2014-07-14 10:20:15 #1 store] 
Database 'C:\Users\faster\Documents\NetBeansProjects\COLECTIVOS\colectivos.odb' is opened by 8328@faster-PC

[2014-07-14 10:21:54 #2 store] 
Database 'C:\Users\faster\Documents\NetBeansProjects\COLECTIVOS\colectivos.odb' is closed by 8328@faster-PC

------------------------------------------------------------------------------------------------------------------------

[2014-07-14 10:38:51 #1 store] 
Database 'C:\Users\faster\Documents\NetBeansProjects\COLECTIVOS\colectivos.odb' is opened by 7556@faster-PC

[2014-07-14 10:38:58 #2 store] 
Database 'C:\Users\faster\Documents\NetBeansProjects\COLECTIVOS\colectivos.odb' is closed by 7556@faster-PC

------------------------------------------------------------------------------------------------------------------------

[2014-07-14 10:42:51 #1 store] 
Database 'C:\Users\faster\Documents\NetBeansProjects\COLECTIVOS\colectivos.odb' is opened by 7172@faster-PC

[2014-07-14 10:43:44 #2 store] 
Database 'C:\Users\faster\Documents\NetBeansProjects\COLECTIVOS\colectivos.odb' is closed by 7172@faster-PC

------------------------------------------------------------------------------------------------------------------------

[2014-07-14 10:44:06 #1 store] 
Database 'C:\Users\faster\Documents\NetBeansProjects\COLECTIVOS\colectivos.odb' is opened by 8956@faster-PC

[2014-07-14 10:44:12 #2 store] 
Database 'C:\Users\faster\Documents\NetBeansProjects\COLECTIVOS\colectivos.odb' is closed by 8956@faster-PC

------------------------------------------------------------------------------------------------------------------------

[2014-07-14 10:47:23 #1 store] 
Database 'C:\Users\faster\Documents\NetBeansProjects\COLECTIVOS\colectivos.odb' is opened by 8696@faster-PC

[2014-07-14 10:47:33 #2 store] 
Database 'C:\Users\faster\Documents\NetBeansProjects\COLECTIVOS\colectivos.odb' is closed by 8696@faster-PC

------------------------------------------------------------------------------------------------------------------------

[2014-07-14 10:54:45 #1 store] 
Database 'C:\Users\faster\Documents\NetBeansProjects\COLECTIVOS\colectivos.odb' is opened by 4708@faster-PC

[2014-07-14 10:54:51 #2 store] 
Database 'C:\Users\faster\Documents\NetBeansProjects\COLECTIVOS\colectivos.odb' is closed by 4708@faster-PC

------------------------------------------------------------------------------------------------------------------------

[2014-07-14 10:55:31 #1 store] 
Database 'C:\Users\faster\Documents\NetBeansProjects\COLECTIVOS\colectivos.odb' is opened by 8548@faster-PC

[2014-07-14 10:58:07 #2 store] 
Database 'C:\Users\faster\Documents\NetBeansProjects\COLECTIVOS\colectivos.odb' is closed by 8548@faster-PC

------------------------------------------------------------------------------------------------------------------------

[2014-07-14 10:58:57 #1 store] 
Database 'C:\Users\faster\Documents\NetBeansProjects\COLECTIVOS\colectivos.odb' is opened by 7964@faster-PC

[2014-07-14 11:00:47 #2 store] 
Database 'C:\Users\faster\Documents\NetBeansProjects\COLECTIVOS\colectivos.odb' is closed by 7964@faster-PC

------------------------------------------------------------------------------------------------------------------------

[2014-07-14 11:07:10 #1 store] 
Database 'C:\Users\faster\Documents\NetBeansProjects\COLECTIVOS\colectivos.odb' is opened by 5976@faster-PC

[2014-07-14 11:07:21 #2 store] 
Database 'C:\Users\faster\Documents\NetBeansProjects\COLECTIVOS\colectivos.odb' is closed by 5976@faster-PC

------------------------------------------------------------------------------------------------------------------------

[2014-07-14 11:08:28 #1 store] 
Database 'C:\Users\faster\Documents\NetBeansProjects\COLECTIVOS\colectivos.odb' is opened by 8752@faster-PC

[2014-07-14 11:08:41 #2 store] 
Database 'C:\Users\faster\Documents\NetBeansProjects\COLECTIVOS\colectivos.odb' is closed by 8752@faster-PC

------------------------------------------------------------------------------------------------------------------------

[2014-07-14 11:09:01 #1 store] 
Database 'C:\Users\faster\Documents\NetBeansProjects\COLECTIVOS\colectivos.odb' is opened by 7920@faster-PC

[2014-07-14 11:09:04 #2 store] 
Database 'C:\Users\faster\Documents\NetBeansProjects\COLECTIVOS\colectivos.odb' is closed by 7920@faster-PC

------------------------------------------------------------------------------------------------------------------------

[2014-07-14 11:09:26 #1 store] 
Database 'C:\Users\faster\Documents\NetBeansProjects\COLECTIVOS\colectivos.odb' is opened by 3636@faster-PC

[2014-07-14 11:10:53 #2 store] 
Database 'C:\Users\faster\Documents\NetBeansProjects\COLECTIVOS\colectivos.odb' is closed by 3636@faster-PC

------------------------------------------------------------------------------------------------------------------------

[2014-07-14 11:12:19 #1 store] 
Database 'C:\Users\faster\Documents\NetBeansProjects\COLECTIVOS\colectivos.odb' is opened by 8948@faster-PC

[2014-07-14 11:12:23 #2 store] 
Database 'C:\Users\faster\Documents\NetBeansProjects\COLECTIVOS\colectivos.odb' is closed by 8948@faster-PC

------------------------------------------------------------------------------------------------------------------------

[2014-07-14 11:12:27 #1 store] 
Database 'C:\Users\faster\Documents\NetBeansProjects\COLECTIVOS\colectivos.odb' is opened by 8172@faster-PC

[2014-07-14 11:12:41 #2 store] 
Database 'C:\Users\faster\Documents\NetBeansProjects\COLECTIVOS\colectivos.odb' is closed by 8172@faster-PC

------------------------------------------------------------------------------------------------------------------------

[2014-07-14 11:16:19 #1 store] 
Database 'C:\Users\faster\Documents\NetBeansProjects\COLECTIVOS\colectivos.odb' is opened by 6056@faster-PC

[2014-07-14 11:16:21 #2 store] 
Database 'C:\Users\faster\Documents\NetBeansProjects\COLECTIVOS\colectivos.odb' is closed by 6056@faster-PC

------------------------------------------------------------------------------------------------------------------------

[2014-07-14 13:19:14 #1 store] 
Database 'C:\Users\faster\Documents\NetBeansProjects\COLECTIVOS\colectivos.odb' is opened by 8500@faster-PC

[2014-07-14 13:19:25 #2 type.registry] 
New type entidades.Ciudad

[2014-07-14 13:19:25 #3 type] 
Type entidades.Ciudad is not enhanced.

[2014-07-14 13:19:25 #4 type.registry] 
New type entidades.Trayecto

[2014-07-14 13:19:25 #5 type] 
Type entidades.Trayecto is not enhanced.

[2014-07-14 13:20:17 #6 store] 
Database 'C:\Users\faster\Documents\NetBeansProjects\COLECTIVOS\colectivos.odb' is closed by 8500@faster-PC

------------------------------------------------------------------------------------------------------------------------

[2014-07-14 13:20:22 #1 store] 
Database 'C:\Users\faster\Documents\NetBeansProjects\COLECTIVOS\colectivos.odb' is opened by 2228@faster-PC

[2014-07-14 13:20:22 #2 type] 
Type entidades.Ciudad is not enhanced.

[2014-07-14 13:20:22 #3 type] 
Type entidades.Trayecto is not enhanced.

[2014-07-14 13:21:01 #4 store] 
Database 'C:\Users\faster\Documents\NetBeansProjects\COLECTIVOS\colectivos.odb' is closed by 2228@faster-PC

------------------------------------------------------------------------------------------------------------------------

[2014-07-14 19:46:47 #1 store] 
Database 'C:\Users\faster\Documents\NetBeansProjects\COLECTIVOS\colectivos.odb' is opened by 11192@faster-PC

[2014-07-14 19:46:47 #2 type] 
Type entidades.Ciudad is not enhanced.

[2014-07-14 19:46:47 #3 type] 
Type entidades.Trayecto is not enhanced.

[2014-07-14 20:35:52 #4 store] 
Database 'C:\Users\faster\Documents\NetBeansProjects\COLECTIVOS\colectivos.odb' is closed by 11192@faster-PC

------------------------------------------------------------------------------------------------------------------------

[2014-07-14 20:36:22 #1 store] 
Database 'C:\Users\faster\Documents\NetBeansProjects\COLECTIVOS\colectivos.odb' is opened by 4032@faster-PC

[2014-07-14 20:36:22 #2 type] 
Type entidades.Ciudad is not enhanced.

[2014-07-14 20:36:22 #3 type] 
Type entidades.Trayecto is not enhanced.

[2014-07-14 20:39:46 #4 store] 
Database 'C:\Users\faster\Documents\NetBeansProjects\COLECTIVOS\colectivos.odb' is closed by 4032@faster-PC

------------------------------------------------------------------------------------------------------------------------

[2014-07-14 21:00:13 #1 store] 
Database 'C:\Users\faster\Documents\NetBeansProjects\COLECTIVOS\colectivos.odb' is opened by 11600@faster-PC

[2014-07-14 21:00:14 #2 type] 
Type entidades.Ciudad is not enhanced.

[2014-07-14 21:00:14 #3 type] 
Type entidades.Trayecto is not enhanced.

[2014-07-14 21:00:22 #4 store] 
Database 'C:\Users\faster\Documents\NetBeansProjects\COLECTIVOS\colectivos.odb' is closed by 11600@faster-PC

------------------------------------------------------------------------------------------------------------------------

[2014-07-14 21:01:02 #1 store] 
Database 'C:\Users\faster\Documents\NetBeansProjects\COLECTIVOS\colectivos.odb' is opened by 12420@faster-PC

[2014-07-14 21:01:02 #2 type] 
Type entidades.Ciudad is not enhanced.

[2014-07-14 21:01:02 #3 type] 
Type entidades.Trayecto is not enhanced.

[2014-07-14 21:01:33 #4 store] 
Database 'C:\Users\faster\Documents\NetBeansProjects\COLECTIVOS\colectivos.odb' is closed by 12420@faster-PC

------------------------------------------------------------------------------------------------------------------------

[2014-07-14 21:02:00 #1 store] 
Database 'C:\Users\faster\Documents\NetBeansProjects\COLECTIVOS\colectivos.odb' is opened by 12720@faster-PC

[2014-07-14 21:02:00 #2 type] 
Type entidades.Ciudad is not enhanced.

[2014-07-14 21:02:00 #3 type] 
Type entidades.Trayecto is not enhanced.

[2014-07-14 21:02:14 #4 store] 
Database 'C:\Users\faster\Documents\NetBeansProjects\COLECTIVOS\colectivos.odb' is closed by 12720@faster-PC

------------------------------------------------------------------------------------------------------------------------

[2014-07-14 21:03:24 #1 store] 
Database 'C:\Users\faster\Documents\NetBeansProjects\COLECTIVOS\colectivos.odb' is opened by 13056@faster-PC

[2014-07-14 21:03:24 #2 type] 
Type entidades.Ciudad is not enhanced.

[2014-07-14 21:03:24 #3 type] 
Type entidades.Trayecto is not enhanced.

[2014-07-14 21:03:39 #4 store] 
Database 'C:\Users\faster\Documents\NetBeansProjects\COLECTIVOS\colectivos.odb' is closed by 13056@faster-PC

------------------------------------------------------------------------------------------------------------------------

[2014-07-14 21:04:06 #1 store] 
Database 'C:\Users\faster\Documents\NetBeansProjects\COLECTIVOS\colectivos.odb' is opened by 13328@faster-PC

[2014-07-14 21:04:07 #2 type] 
Type entidades.Ciudad is not enhanced.

[2014-07-14 21:04:07 #3 type] 
Type entidades.Trayecto is not enhanced.

[2014-07-14 21:04:11 #4 store] 
Database 'C:\Users\faster\Documents\NetBeansProjects\COLECTIVOS\colectivos.odb' is closed by 13328@faster-PC

------------------------------------------------------------------------------------------------------------------------

[2014-07-14 21:04:31 #1 store] 
Database 'C:\Users\faster\Documents\NetBeansProjects\COLECTIVOS\colectivos.odb' is opened by 13604@faster-PC

[2014-07-14 21:04:31 #2 type] 
Type entidades.Ciudad is not enhanced.

[2014-07-14 21:04:31 #3 type] 
Type entidades.Trayecto is not enhanced.

[2014-07-14 21:05:03 #4 store] 
Database 'C:\Users\faster\Documents\NetBeansProjects\COLECTIVOS\colectivos.odb' is closed by 13604@faster-PC

------------------------------------------------------------------------------------------------------------------------

[2014-07-14 21:05:34 #1 store] 
Database 'C:\Users\faster\Documents\NetBeansProjects\COLECTIVOS\colectivos.odb' is opened by 13968@faster-PC

[2014-07-14 21:05:34 #2 type] 
Type entidades.Ciudad is not enhanced.

[2014-07-14 21:05:34 #3 type] 
Type entidades.Trayecto is not enhanced.

[2014-07-14 21:05:45 #4 store] 
Database 'C:\Users\faster\Documents\NetBeansProjects\COLECTIVOS\colectivos.odb' is closed by 13968@faster-PC

------------------------------------------------------------------------------------------------------------------------

[2014-07-14 21:06:03 #1 store] 
Database 'C:\Users\faster\Documents\NetBeansProjects\COLECTIVOS\colectivos.odb' is opened by 14164@faster-PC

[2014-07-14 21:06:03 #2 type] 
Type entidades.Ciudad is not enhanced.

[2014-07-14 21:06:03 #3 type] 
Type entidades.Trayecto is not enhanced.

[2014-07-14 21:06:08 #4 store] 
Database 'C:\Users\faster\Documents\NetBeansProjects\COLECTIVOS\colectivos.odb' is closed by 14164@faster-PC

------------------------------------------------------------------------------------------------------------------------

[2014-07-14 21:06:19 #1 store] 
Database 'C:\Users\faster\Documents\NetBeansProjects\COLECTIVOS\colectivos.odb' is opened by 8588@faster-PC

[2014-07-14 21:06:19 #2 type] 
Type entidades.Ciudad is not enhanced.

[2014-07-14 21:06:19 #3 type] 
Type entidades.Trayecto is not enhanced.

[2014-07-14 21:06:21 #4 store] 
Database 'C:\Users\faster\Documents\NetBeansProjects\COLECTIVOS\colectivos.odb' is closed by 8588@faster-PC

------------------------------------------------------------------------------------------------------------------------

[2014-07-14 21:06:30 #1 store] 
Database 'C:\Users\faster\Documents\NetBeansProjects\COLECTIVOS\colectivos.odb' is opened by 6960@faster-PC

[2014-07-14 21:06:30 #2 type] 
Type entidades.Ciudad is not enhanced.

[2014-07-14 21:06:30 #3 type] 
Type entidades.Trayecto is not enhanced.

[2014-07-14 21:06:43 #4 store] 
Database 'C:\Users\faster\Documents\NetBeansProjects\COLECTIVOS\colectivos.odb' is closed by 6960@faster-PC

------------------------------------------------------------------------------------------------------------------------

[2014-07-14 21:06:55 #1 store] 
Database 'C:\Users\faster\Documents\NetBeansProjects\COLECTIVOS\colectivos.odb' is opened by 12424@faster-PC

[2014-07-14 21:06:55 #2 type] 
Type entidades.Ciudad is not enhanced.

[2014-07-14 21:06:55 #3 type] 
Type entidades.Trayecto is not enhanced.

[2014-07-14 21:07:03 #4 store] 
Database 'C:\Users\faster\Documents\NetBeansProjects\COLECTIVOS\colectivos.odb' is closed by 12424@faster-PC

------------------------------------------------------------------------------------------------------------------------

[2014-07-14 21:07:14 #1 store] 
Database 'C:\Users\faster\Documents\NetBeansProjects\COLECTIVOS\colectivos.odb' is opened by 12756@faster-PC

[2014-07-14 21:07:15 #2 type] 
Type entidades.Ciudad is not enhanced.

[2014-07-14 21:07:15 #3 type] 
Type entidades.Trayecto is not enhanced.

[2014-07-14 21:07:25 #4 store] 
Database 'C:\Users\faster\Documents\NetBeansProjects\COLECTIVOS\colectivos.odb' is closed by 12756@faster-PC

------------------------------------------------------------------------------------------------------------------------

[2014-07-14 21:07:35 #1 store] 
Database 'C:\Users\faster\Documents\NetBeansProjects\COLECTIVOS\colectivos.odb' is opened by 8124@faster-PC

[2014-07-14 21:07:35 #2 type] 
Type entidades.Ciudad is not enhanced.

[2014-07-14 21:07:35 #3 type] 
Type entidades.Trayecto is not enhanced.

[2014-07-14 21:07:41 #4 store] 
Database 'C:\Users\faster\Documents\NetBeansProjects\COLECTIVOS\colectivos.odb' is closed by 8124@faster-PC

------------------------------------------------------------------------------------------------------------------------

[2014-07-14 21:07:49 #1 store] 
Database 'C:\Users\faster\Documents\NetBeansProjects\COLECTIVOS\colectivos.odb' is opened by 13068@faster-PC

[2014-07-14 21:07:49 #2 type] 
Type entidades.Ciudad is not enhanced.

[2014-07-14 21:07:49 #3 type] 
Type entidades.Trayecto is not enhanced.

[2014-07-14 21:08:56 #4 store] 
Database 'C:\Users\faster\Documents\NetBeansProjects\COLECTIVOS\colectivos.odb' is closed by 13068@faster-PC

------------------------------------------------------------------------------------------------------------------------

[2014-07-14 21:08:59 #1 store] 
Database 'C:\Users\faster\Documents\NetBeansProjects\COLECTIVOS\colectivos.odb' is opened by 7772@faster-PC

[2014-07-14 21:08:59 #2 type] 
Type entidades.Ciudad is not enhanced.

[2014-07-14 21:08:59 #3 type] 
Type entidades.Trayecto is not enhanced.

[2014-07-14 21:09:09 #4 store] 
Database 'C:\Users\faster\Documents\NetBeansProjects\COLECTIVOS\colectivos.odb' is closed by 7772@faster-PC

------------------------------------------------------------------------------------------------------------------------

[2014-07-14 21:10:30 #1 store] 
Database 'C:\Users\faster\Documents\NetBeansProjects\COLECTIVOS\colectivos.odb' is opened by 13924@faster-PC

[2014-07-14 21:10:30 #2 type] 
Type entidades.Ciudad is not enhanced.

[2014-07-14 21:10:30 #3 type] 
Type entidades.Trayecto is not enhanced.

[2014-07-14 21:11:00 #4 store] 
Database 'C:\Users\faster\Documents\NetBeansProjects\COLECTIVOS\colectivos.odb' is closed by 13924@faster-PC

------------------------------------------------------------------------------------------------------------------------

[2014-07-14 21:11:53 #1 store] 
Database 'C:\Users\faster\Documents\NetBeansProjects\COLECTIVOS\colectivos.odb' is opened by 12488@faster-PC

[2014-07-14 21:11:53 #2 type] 
Type entidades.Ciudad is not enhanced.

[2014-07-14 21:11:53 #3 type] 
Type entidades.Trayecto is not enhanced.

[2014-07-14 21:13:19 #4 store] 
Database 'C:\Users\faster\Documents\NetBeansProjects\COLECTIVOS\colectivos.odb' is closed by 12488@faster-PC

------------------------------------------------------------------------------------------------------------------------

[2014-07-14 21:13:58 #1 store] 
Database 'C:\Users\faster\Documents\NetBeansProjects\COLECTIVOS\colectivos.odb' is opened by 13184@faster-PC

[2014-07-14 21:13:58 #2 type] 
Type entidades.Ciudad is not enhanced.

[2014-07-14 21:13:58 #3 type] 
Type entidades.Trayecto is not enhanced.

[2014-07-14 21:14:19 #4 store] 
Database 'C:\Users\faster\Documents\NetBeansProjects\COLECTIVOS\colectivos.odb' is closed by 13184@faster-PC

------------------------------------------------------------------------------------------------------------------------

[2014-07-14 21:15:04 #1 store] 
Database 'C:\Users\faster\Documents\NetBeansProjects\COLECTIVOS\colectivos.odb' is opened by 12620@faster-PC

[2014-07-14 21:15:04 #2 type] 
Type entidades.Ciudad is not enhanced.

[2014-07-14 21:15:04 #3 type] 
Type entidades.Trayecto is not enhanced.

[2014-07-14 21:16:30 #4 store] 
Database 'C:\Users\faster\Documents\NetBeansProjects\COLECTIVOS\colectivos.odb' is closed by 12620@faster-PC

------------------------------------------------------------------------------------------------------------------------

[2014-07-14 21:17:42 #1 store] 
Database 'C:\Users\faster\Documents\NetBeansProjects\COLECTIVOS\colectivos.odb' is opened by 14116@faster-PC

[2014-07-14 21:17:42 #2 type] 
Type entidades.Ciudad is not enhanced.

[2014-07-14 21:17:42 #3 type] 
Type entidades.Trayecto is not enhanced.

[2014-07-14 21:18:03 #4 store] 
Database 'C:\Users\faster\Documents\NetBeansProjects\COLECTIVOS\colectivos.odb' is closed by 14116@faster-PC

------------------------------------------------------------------------------------------------------------------------

[2014-07-14 21:19:14 #1 store] 
Database 'C:\Users\faster\Documents\NetBeansProjects\COLECTIVOS\colectivos.odb' is opened by 14308@faster-PC

[2014-07-14 21:19:14 #2 type] 
Type entidades.Ciudad is not enhanced.

[2014-07-14 21:19:14 #3 type] 
Type entidades.Trayecto is not enhanced.

[2014-07-14 21:19:51 #4 store] 
Database 'C:\Users\faster\Documents\NetBeansProjects\COLECTIVOS\colectivos.odb' is closed by 14308@faster-PC

------------------------------------------------------------------------------------------------------------------------

[2014-07-14 21:20:29 #1 store] 
Database 'C:\Users\faster\Documents\NetBeansProjects\COLECTIVOS\colectivos.odb' is opened by 14176@faster-PC

[2014-07-14 21:20:30 #2 type] 
Type entidades.Ciudad is not enhanced.

[2014-07-14 21:20:30 #3 type] 
Type entidades.Trayecto is not enhanced.

[2014-07-14 21:20:58 #4 store] 
Database 'C:\Users\faster\Documents\NetBeansProjects\COLECTIVOS\colectivos.odb' is closed by 14176@faster-PC

------------------------------------------------------------------------------------------------------------------------

[2014-07-14 21:21:37 #1 store] 
Database 'C:\Users\faster\Documents\NetBeansProjects\COLECTIVOS\colectivos.odb' is opened by 10364@faster-PC

[2014-07-14 21:21:37 #2 type] 
Type entidades.Ciudad is not enhanced.

[2014-07-14 21:21:37 #3 type] 
Type entidades.Trayecto is not enhanced.

[2014-07-14 21:21:40 #4 store] 
Database 'C:\Users\faster\Documents\NetBeansProjects\COLECTIVOS\colectivos.odb' is closed by 10364@faster-PC

------------------------------------------------------------------------------------------------------------------------

[2014-07-14 21:39:09 #1 store] 
Database 'C:\Users\faster\Documents\NetBeansProjects\COLECTIVOS\colectivos.odb' is opened by 9548@faster-PC

[2014-07-14 21:39:09 #2 type] 
Type entidades.Ciudad is not enhanced.

[2014-07-14 21:39:09 #3 type] 
Type entidades.Trayecto is not enhanced.

[2014-07-14 21:39:28 #4 store] 
Database 'C:\Users\faster\Documents\NetBeansProjects\COLECTIVOS\colectivos.odb' is closed by 9548@faster-PC

------------------------------------------------------------------------------------------------------------------------

[2014-07-14 21:47:37 #1 store] 
Database 'C:\Users\faster\Documents\NetBeansProjects\COLECTIVOS\colectivos.odb' is opened by 2344@faster-PC

[2014-07-14 21:47:38 #2 type] 
Type entidades.Ciudad is not enhanced.

[2014-07-14 21:47:38 #3 type] 
Type entidades.Trayecto is not enhanced.

[2014-07-14 21:48:05 #4 store] 
Database 'C:\Users\faster\Documents\NetBeansProjects\COLECTIVOS\colectivos.odb' is closed by 2344@faster-PC

------------------------------------------------------------------------------------------------------------------------

[2014-07-14 21:49:40 #1 store] 
Database 'C:\Users\faster\Documents\NetBeansProjects\COLECTIVOS\colectivos.odb' is opened by 9036@faster-PC

[2014-07-14 21:49:40 #2 type] 
Type entidades.Ciudad is not enhanced.

[2014-07-14 21:49:40 #3 type] 
Type entidades.Trayecto is not enhanced.

[2014-07-14 21:51:26 #4 store] 
Database 'C:\Users\faster\Documents\NetBeansProjects\COLECTIVOS\colectivos.odb' is closed by 9036@faster-PC

------------------------------------------------------------------------------------------------------------------------

[2014-07-14 21:56:16 #1 store] 
Database 'C:\Users\faster\Documents\NetBeansProjects\COLECTIVOS\colectivos.odb' is opened by 4312@faster-PC

[2014-07-14 21:56:16 #2 type] 
Type entidades.Ciudad is not enhanced.

[2014-07-14 21:56:16 #3 type] 
Type entidades.Trayecto is not enhanced.

[2014-07-14 21:56:35 #4 store] 
Database 'C:\Users\faster\Documents\NetBeansProjects\COLECTIVOS\colectivos.odb' is closed by 4312@faster-PC

------------------------------------------------------------------------------------------------------------------------

[2014-07-14 22:00:32 #1 store] 
Database 'C:\Users\faster\Documents\NetBeansProjects\COLECTIVOS\colectivos.odb' is opened by 8784@faster-PC

[2014-07-14 22:00:32 #2 type] 
Type entidades.Ciudad is not enhanced.

[2014-07-14 22:00:32 #3 type] 
Type entidades.Trayecto is not enhanced.

[2014-07-14 22:00:40 #4 store] 
Database 'C:\Users\faster\Documents\NetBeansProjects\COLECTIVOS\colectivos.odb' is closed by 8784@faster-PC

------------------------------------------------------------------------------------------------------------------------

[2014-07-14 22:17:00 #1 store] 
Database 'C:\Users\faster\Documents\NetBeansProjects\COLECTIVOS\colectivos.odb' is opened by 10164@faster-PC

[2014-07-14 22:17:00 #2 type] 
Type entidades.Ciudad is not enhanced.

[2014-07-14 22:17:00 #3 type] 
Type entidades.Trayecto is not enhanced.

[2014-07-14 22:17:08 #4 store] 
Database 'C:\Users\faster\Documents\NetBeansProjects\COLECTIVOS\colectivos.odb' is closed by 10164@faster-PC

------------------------------------------------------------------------------------------------------------------------

[2014-07-14 22:18:14 #1 store] 
Database 'C:\Users\faster\Documents\NetBeansProjects\COLECTIVOS\colectivos.odb' is opened by 12752@faster-PC

[2014-07-14 22:18:14 #2 type] 
Type entidades.Ciudad is not enhanced.

[2014-07-14 22:18:14 #3 type] 
Type entidades.Trayecto is not enhanced.

[2014-07-14 22:42:52 #4 store] 
Database 'C:\Users\faster\Documents\NetBeansProjects\COLECTIVOS\colectivos.odb' is closed by 12752@faster-PC

------------------------------------------------------------------------------------------------------------------------

[2014-07-14 22:46:39 #1 store] 
Database 'C:\Users\faster\Documents\NetBeansProjects\COLECTIVOS\colectivos.odb' is opened by 11344@faster-PC

[2014-07-14 22:46:39 #2 type] 
Type entidades.Ciudad is not enhanced.

[2014-07-14 22:46:39 #3 type] 
Type entidades.Trayecto is not enhanced.

[2014-07-14 22:47:01 #4 store] 
Database 'C:\Users\faster\Documents\NetBeansProjects\COLECTIVOS\colectivos.odb' is closed by 11344@faster-PC

