------------------------------------------------------------------------------------------------------------------------

[2014-07-17 10:44:15 #1 store] 
Database 'C:\Users\faster\Documents\NetBeansProjects\COLECTIVOS\colectivos.odb' is opened by 2284@faster-PC

[2014-07-17 10:44:15 #2 type] 
Type entidades.Ciudad is not enhanced.

[2014-07-17 10:44:15 #3 type] 
Type entidades.Trayecto is not enhanced.

[2014-07-17 10:44:15 #4 type.registry] 
New type entidades.Persona

[2014-07-17 10:44:15 #5 type.registry] 
New type entidades.Chofer

[2014-07-17 10:44:15 #6 type] 
Type entidades.Persona is not enhanced.

[2014-07-17 10:44:15 #7 type] 
Type entidades.Chofer is not enhanced.

[2014-07-17 10:44:15 #8 type.registry] 
New type entidades.Vehiculo

[2014-07-17 10:44:15 #9 type] 
Type entidades.Vehiculo is not enhanced.

[2014-07-17 10:44:24 #10 store] 
Database 'C:\Users\faster\Documents\NetBeansProjects\COLECTIVOS\colectivos.odb' is closed by 2284@faster-PC

------------------------------------------------------------------------------------------------------------------------

[2014-07-17 10:45:05 #1 store] 
Database 'C:\Users\faster\Documents\NetBeansProjects\COLECTIVOS\colectivos.odb' is opened by 7856@faster-PC

[2014-07-17 10:45:05 #2 type] 
Type entidades.Ciudad is not enhanced.

[2014-07-17 10:45:05 #3 type] 
Type entidades.Trayecto is not enhanced.

[2014-07-17 10:45:05 #4 type] 
Type entidades.Persona is not enhanced.

[2014-07-17 10:45:05 #5 type] 
Type entidades.Chofer is not enhanced.

[2014-07-17 10:45:05 #6 type] 
Type entidades.Vehiculo is not enhanced.

[2014-07-17 10:45:56 #7 store] 
Database 'C:\Users\faster\Documents\NetBeansProjects\COLECTIVOS\colectivos.odb' is closed by 7856@faster-PC

------------------------------------------------------------------------------------------------------------------------

[2014-07-17 10:57:20 #1 store] 
Database 'C:\Users\faster\Documents\NetBeansProjects\COLECTIVOS\colectivos.odb' is opened by 4972@faster-PC

[2014-07-17 10:57:20 #2 type] 
Type entidades.Ciudad is not enhanced.

[2014-07-17 10:57:20 #3 type] 
Type entidades.Trayecto is not enhanced.

[2014-07-17 10:57:20 #4 type] 
Type entidades.Persona is not enhanced.

[2014-07-17 10:57:20 #5 type] 
Type entidades.Chofer is not enhanced.

[2014-07-17 10:57:20 #6 type] 
Type entidades.Vehiculo is not enhanced.

[2014-07-17 10:57:27 #7 store] 
Database 'C:\Users\faster\Documents\NetBeansProjects\COLECTIVOS\colectivos.odb' is closed by 4972@faster-PC

------------------------------------------------------------------------------------------------------------------------

[2014-07-17 10:57:55 #1 store] 
Database 'C:\Users\faster\Documents\NetBeansProjects\COLECTIVOS\colectivos.odb' is opened by 6692@faster-PC

[2014-07-17 10:57:55 #2 type] 
Type entidades.Ciudad is not enhanced.

[2014-07-17 10:57:55 #3 type] 
Type entidades.Trayecto is not enhanced.

[2014-07-17 10:57:55 #4 type] 
Type entidades.Persona is not enhanced.

[2014-07-17 10:57:55 #5 type] 
Type entidades.Chofer is not enhanced.

[2014-07-17 10:57:55 #6 type] 
Type entidades.Vehiculo is not enhanced.

[2014-07-17 10:59:14 #7 store] 
Database 'C:\Users\faster\Documents\NetBeansProjects\COLECTIVOS\colectivos.odb' is closed by 6692@faster-PC

------------------------------------------------------------------------------------------------------------------------

[2014-07-17 11:00:36 #1 store] 
Database 'C:\Users\faster\Documents\NetBeansProjects\COLECTIVOS\colectivos.odb' is opened by 7472@faster-PC

[2014-07-17 11:00:36 #2 type] 
Type entidades.Ciudad is not enhanced.

[2014-07-17 11:00:36 #3 type] 
Type entidades.Trayecto is not enhanced.

[2014-07-17 11:00:36 #4 type] 
Type entidades.Persona is not enhanced.

[2014-07-17 11:00:36 #5 type] 
Type entidades.Chofer is not enhanced.

[2014-07-17 11:00:36 #6 type] 
Type entidades.Vehiculo is not enhanced.

[2014-07-17 11:03:29 #7 store] 
Database 'C:\Users\faster\Documents\NetBeansProjects\COLECTIVOS\colectivos.odb' is closed by 7472@faster-PC

------------------------------------------------------------------------------------------------------------------------

[2014-07-17 11:08:29 #1 store] 
Database 'C:\Users\faster\Documents\NetBeansProjects\COLECTIVOS\colectivos.odb' is opened by 9712@faster-PC

[2014-07-17 11:08:29 #2 type] 
Type entidades.Ciudad is not enhanced.

[2014-07-17 11:08:29 #3 type] 
Type entidades.Trayecto is not enhanced.

[2014-07-17 11:08:29 #4 type] 
Type entidades.Persona is not enhanced.

[2014-07-17 11:08:29 #5 type] 
Type entidades.Chofer is not enhanced.

[2014-07-17 11:08:29 #6 type] 
Type entidades.Vehiculo is not enhanced.

[2014-07-17 11:09:49 #7 store] 
Database 'C:\Users\faster\Documents\NetBeansProjects\COLECTIVOS\colectivos.odb' is closed by 9712@faster-PC

------------------------------------------------------------------------------------------------------------------------

[2014-07-17 11:14:14 #1 store] 
Database 'C:\Users\faster\Documents\NetBeansProjects\COLECTIVOS\colectivos.odb' is opened by 7872@faster-PC

[2014-07-17 11:14:14 #2 type] 
Type entidades.Ciudad is not enhanced.

[2014-07-17 11:14:14 #3 type] 
Type entidades.Trayecto is not enhanced.

[2014-07-17 11:14:14 #4 type] 
Type entidades.Persona is not enhanced.

[2014-07-17 11:14:14 #5 type] 
Type entidades.Chofer is not enhanced.

[2014-07-17 11:14:14 #6 type] 
Type entidades.Vehiculo is not enhanced.

[2014-07-17 11:14:44 #7 store] 
Database 'C:\Users\faster\Documents\NetBeansProjects\COLECTIVOS\colectivos.odb' is closed by 7872@faster-PC

------------------------------------------------------------------------------------------------------------------------

[2014-07-17 11:15:44 #1 store] 
Database 'C:\Users\faster\Documents\NetBeansProjects\COLECTIVOS\colectivos.odb' is opened by 5688@faster-PC

[2014-07-17 11:15:44 #2 type] 
Type entidades.Ciudad is not enhanced.

[2014-07-17 11:15:44 #3 type] 
Type entidades.Trayecto is not enhanced.

[2014-07-17 11:15:44 #4 type] 
Type entidades.Persona is not enhanced.

[2014-07-17 11:15:44 #5 type] 
Type entidades.Chofer is not enhanced.

[2014-07-17 11:15:44 #6 type] 
Type entidades.Vehiculo is not enhanced.

[2014-07-17 11:20:33 #7 store] 
Database 'C:\Users\faster\Documents\NetBeansProjects\COLECTIVOS\colectivos.odb' is closed by 5688@faster-PC

------------------------------------------------------------------------------------------------------------------------

[2014-07-17 11:36:39 #1 store] 
Database 'C:\Users\faster\Documents\NetBeansProjects\COLECTIVOS\colectivos.odb' is opened by 9560@faster-PC

[2014-07-17 11:36:39 #2 type] 
Type entidades.Ciudad is not enhanced.

[2014-07-17 11:36:39 #3 type] 
Type entidades.Trayecto is not enhanced.

[2014-07-17 11:36:39 #4 type] 
Type entidades.Persona is not enhanced.

[2014-07-17 11:36:39 #5 type] 
Type entidades.Chofer is not enhanced.

[2014-07-17 11:36:39 #6 type] 
Type entidades.Vehiculo is not enhanced.

[2014-07-17 11:36:50 #7 store] 
Database 'C:\Users\faster\Documents\NetBeansProjects\COLECTIVOS\colectivos.odb' is closed by 9560@faster-PC

------------------------------------------------------------------------------------------------------------------------

[2014-07-17 12:32:16 #1 store] 
Database 'C:\Users\faster\Documents\NetBeansProjects\COLECTIVOS\colectivos.odb' is opened by 5368@faster-PC

[2014-07-17 12:32:16 #2 type] 
Type entidades.Ciudad is not enhanced.

[2014-07-17 12:32:16 #3 type] 
Type entidades.Trayecto is not enhanced.

[2014-07-17 12:32:16 #4 type] 
Type entidades.Persona is not enhanced.

[2014-07-17 12:32:16 #5 type] 
Type entidades.Chofer is not enhanced.

[2014-07-17 12:32:16 #6 type] 
Type entidades.Vehiculo is not enhanced.

[2014-07-17 12:32:37 #7 store] 
Database 'C:\Users\faster\Documents\NetBeansProjects\COLECTIVOS\colectivos.odb' is closed by 5368@faster-PC

------------------------------------------------------------------------------------------------------------------------

[2014-07-17 12:33:12 #1 store] 
Database 'C:\Users\faster\Documents\NetBeansProjects\COLECTIVOS\colectivos.odb' is opened by 4156@faster-PC

[2014-07-17 12:33:12 #2 type] 
Type entidades.Ciudad is not enhanced.

[2014-07-17 12:33:12 #3 type] 
Type entidades.Trayecto is not enhanced.

[2014-07-17 12:33:12 #4 type] 
Type entidades.Persona is not enhanced.

[2014-07-17 12:33:12 #5 type] 
Type entidades.Chofer is not enhanced.

[2014-07-17 12:33:12 #6 type] 
Type entidades.Vehiculo is not enhanced.

[2014-07-17 12:33:47 #7 store] 
Database 'C:\Users\faster\Documents\NetBeansProjects\COLECTIVOS\colectivos.odb' is closed by 4156@faster-PC

------------------------------------------------------------------------------------------------------------------------

[2014-07-17 12:34:10 #1 store] 
Database 'C:\Users\faster\Documents\NetBeansProjects\COLECTIVOS\colectivos.odb' is opened by 5500@faster-PC

[2014-07-17 12:34:10 #2 type] 
Type entidades.Ciudad is not enhanced.

[2014-07-17 12:34:10 #3 type] 
Type entidades.Trayecto is not enhanced.

[2014-07-17 12:34:10 #4 type] 
Type entidades.Persona is not enhanced.

[2014-07-17 12:34:10 #5 type] 
Type entidades.Chofer is not enhanced.

[2014-07-17 12:34:10 #6 type] 
Type entidades.Vehiculo is not enhanced.

[2014-07-17 12:34:51 #7 store] 
Database 'C:\Users\faster\Documents\NetBeansProjects\COLECTIVOS\colectivos.odb' is closed by 5500@faster-PC

------------------------------------------------------------------------------------------------------------------------

[2014-07-17 12:39:56 #1 store] 
Database 'C:\Users\faster\Documents\NetBeansProjects\COLECTIVOS\colectivos.odb' is opened by 8840@faster-PC

[2014-07-17 12:39:56 #2 type] 
Type entidades.Ciudad is not enhanced.

[2014-07-17 12:39:56 #3 type] 
Type entidades.Trayecto is not enhanced.

[2014-07-17 12:39:56 #4 type] 
Type entidades.Persona is not enhanced.

[2014-07-17 12:39:56 #5 type] 
Type entidades.Chofer is not enhanced.

[2014-07-17 12:39:56 #6 type] 
Type entidades.Vehiculo is not enhanced.

[2014-07-17 12:40:39 #7 store] 
Database 'C:\Users\faster\Documents\NetBeansProjects\COLECTIVOS\colectivos.odb' is closed by 8840@faster-PC

------------------------------------------------------------------------------------------------------------------------

[2014-07-17 12:57:54 #1 store] 
Database 'C:\Users\faster\Documents\NetBeansProjects\COLECTIVOS\colectivos.odb' is opened by 8780@faster-PC

[2014-07-17 12:57:54 #2 type] 
Type entidades.Ciudad is not enhanced.

[2014-07-17 12:57:54 #3 type] 
Type entidades.Trayecto is not enhanced.

[2014-07-17 12:57:54 #4 type] 
Type entidades.Persona is not enhanced.

[2014-07-17 12:57:54 #5 type] 
Type entidades.Chofer is not enhanced.

[2014-07-17 12:57:54 #6 type] 
Type entidades.Vehiculo is not enhanced.

[2014-07-17 12:58:45 #7 store] 
Database 'C:\Users\faster\Documents\NetBeansProjects\COLECTIVOS\colectivos.odb' is closed by 8780@faster-PC

------------------------------------------------------------------------------------------------------------------------

[2014-07-17 13:02:09 #1 store] 
Database 'C:\Users\faster\Documents\NetBeansProjects\COLECTIVOS\colectivos.odb' is opened by 8456@faster-PC

[2014-07-17 13:02:09 #2 type] 
Type entidades.Ciudad is not enhanced.

[2014-07-17 13:02:09 #3 type] 
Type entidades.Trayecto is not enhanced.

[2014-07-17 13:02:09 #4 type] 
Type entidades.Persona is not enhanced.

[2014-07-17 13:02:09 #5 type] 
Type entidades.Chofer is not enhanced.

[2014-07-17 13:02:09 #6 type] 
Type entidades.Vehiculo is not enhanced.

[2014-07-17 13:08:39 #7 store] 
Database 'C:\Users\faster\Documents\NetBeansProjects\COLECTIVOS\colectivos.odb' is closed by 8456@faster-PC

------------------------------------------------------------------------------------------------------------------------

[2014-07-17 13:16:14 #1 store] 
Database 'C:\Users\faster\Documents\NetBeansProjects\COLECTIVOS\colectivos.odb' is opened by 9196@faster-PC

[2014-07-17 13:16:14 #2 type] 
Type entidades.Ciudad is not enhanced.

[2014-07-17 13:16:14 #3 type] 
Type entidades.Trayecto is not enhanced.

[2014-07-17 13:16:14 #4 type] 
Type entidades.Persona is not enhanced.

[2014-07-17 13:16:14 #5 type] 
Type entidades.Chofer is not enhanced.

[2014-07-17 13:16:14 #6 type] 
Type entidades.Vehiculo is not enhanced.

[2014-07-17 13:16:40 #7 store] 
Database 'C:\Users\faster\Documents\NetBeansProjects\COLECTIVOS\colectivos.odb' is closed by 9196@faster-PC

------------------------------------------------------------------------------------------------------------------------

[2014-07-17 13:17:26 #1 store] 
Database 'C:\Users\faster\Documents\NetBeansProjects\COLECTIVOS\colectivos.odb' is opened by 9936@faster-PC

[2014-07-17 13:17:26 #2 type] 
Type entidades.Ciudad is not enhanced.

[2014-07-17 13:17:26 #3 type] 
Type entidades.Trayecto is not enhanced.

[2014-07-17 13:17:26 #4 type] 
Type entidades.Persona is not enhanced.

[2014-07-17 13:17:26 #5 type] 
Type entidades.Chofer is not enhanced.

[2014-07-17 13:17:26 #6 type] 
Type entidades.Vehiculo is not enhanced.

[2014-07-17 13:17:55 #7 store] 
Database 'C:\Users\faster\Documents\NetBeansProjects\COLECTIVOS\colectivos.odb' is closed by 9936@faster-PC

------------------------------------------------------------------------------------------------------------------------

[2014-07-17 13:18:59 #1 store] 
Database 'C:\Users\faster\Documents\NetBeansProjects\COLECTIVOS\colectivos.odb' is opened by 8660@faster-PC

[2014-07-17 13:18:59 #2 type] 
Type entidades.Ciudad is not enhanced.

[2014-07-17 13:18:59 #3 type] 
Type entidades.Trayecto is not enhanced.

[2014-07-17 13:18:59 #4 type] 
Type entidades.Persona is not enhanced.

[2014-07-17 13:18:59 #5 type] 
Type entidades.Chofer is not enhanced.

[2014-07-17 13:18:59 #6 type] 
Type entidades.Vehiculo is not enhanced.

[2014-07-17 13:19:19 #7 store] 
Database 'C:\Users\faster\Documents\NetBeansProjects\COLECTIVOS\colectivos.odb' is closed by 8660@faster-PC

------------------------------------------------------------------------------------------------------------------------

[2014-07-17 13:19:36 #1 store] 
Database 'C:\Users\faster\Documents\NetBeansProjects\COLECTIVOS\colectivos.odb' is opened by 8932@faster-PC

[2014-07-17 13:19:36 #2 type] 
Type entidades.Ciudad is not enhanced.

[2014-07-17 13:19:36 #3 type] 
Type entidades.Trayecto is not enhanced.

[2014-07-17 13:19:36 #4 type] 
Type entidades.Persona is not enhanced.

[2014-07-17 13:19:36 #5 type] 
Type entidades.Chofer is not enhanced.

[2014-07-17 13:19:36 #6 type] 
Type entidades.Vehiculo is not enhanced.

[2014-07-17 13:20:48 #7 store] 
Database 'C:\Users\faster\Documents\NetBeansProjects\COLECTIVOS\colectivos.odb' is closed by 8932@faster-PC

------------------------------------------------------------------------------------------------------------------------

[2014-07-17 13:41:59 #1 store] 
Database 'C:\Users\faster\Documents\NetBeansProjects\COLECTIVOS\colectivos.odb' is opened by 7892@faster-PC

[2014-07-17 13:42:00 #2 type] 
Type entidades.Ciudad is not enhanced.

[2014-07-17 13:42:00 #3 type] 
Type entidades.Trayecto is not enhanced.

[2014-07-17 13:42:00 #4 type] 
Type entidades.Persona is not enhanced.

[2014-07-17 13:42:00 #5 type] 
Type entidades.Chofer is not enhanced.

[2014-07-17 13:42:00 #6 type] 
Type entidades.Vehiculo is not enhanced.

[2014-07-17 13:44:22 #7 store] 
Database 'C:\Users\faster\Documents\NetBeansProjects\COLECTIVOS\colectivos.odb' is closed by 7892@faster-PC

------------------------------------------------------------------------------------------------------------------------

[2014-07-17 13:44:52 #1 store] 
Database 'C:\Users\faster\Documents\NetBeansProjects\COLECTIVOS\colectivos.odb' is opened by 9004@faster-PC

[2014-07-17 13:44:52 #2 type] 
Type entidades.Ciudad is not enhanced.

[2014-07-17 13:44:52 #3 type] 
Type entidades.Trayecto is not enhanced.

[2014-07-17 13:44:52 #4 type] 
Type entidades.Persona is not enhanced.

[2014-07-17 13:44:52 #5 type] 
Type entidades.Chofer is not enhanced.

[2014-07-17 13:44:52 #6 type] 
Type entidades.Vehiculo is not enhanced.

[2014-07-17 13:47:35 #7 store] 
Database 'C:\Users\faster\Documents\NetBeansProjects\COLECTIVOS\colectivos.odb' is closed by 9004@faster-PC

------------------------------------------------------------------------------------------------------------------------

[2014-07-17 13:47:54 #1 store] 
Database 'C:\Users\faster\Documents\NetBeansProjects\COLECTIVOS\colectivos.odb' is opened by 8240@faster-PC

[2014-07-17 13:47:54 #2 type] 
Type entidades.Ciudad is not enhanced.

[2014-07-17 13:47:54 #3 type] 
Type entidades.Trayecto is not enhanced.

[2014-07-17 13:47:54 #4 type] 
Type entidades.Persona is not enhanced.

[2014-07-17 13:47:54 #5 type] 
Type entidades.Chofer is not enhanced.

[2014-07-17 13:47:54 #6 type] 
Type entidades.Vehiculo is not enhanced.

[2014-07-17 13:47:59 #7 store] 
Database 'C:\Users\faster\Documents\NetBeansProjects\COLECTIVOS\colectivos.odb' is closed by 8240@faster-PC

------------------------------------------------------------------------------------------------------------------------

[2014-07-17 14:01:55 #1 store] 
Database 'C:\Users\faster\Documents\NetBeansProjects\COLECTIVOS\colectivos.odb' is opened by 5396@faster-PC

[2014-07-17 14:01:55 #2 type] 
Type entidades.Ciudad is not enhanced.

[2014-07-17 14:01:55 #3 type] 
Type entidades.Trayecto is not enhanced.

[2014-07-17 14:01:55 #4 type] 
Type entidades.Persona is not enhanced.

[2014-07-17 14:01:55 #5 type] 
Type entidades.Chofer is not enhanced.

[2014-07-17 14:01:55 #6 type] 
Type entidades.Vehiculo is not enhanced.

[2014-07-17 14:02:15 #7 store] 
Database 'C:\Users\faster\Documents\NetBeansProjects\COLECTIVOS\colectivos.odb' is closed by 5396@faster-PC

------------------------------------------------------------------------------------------------------------------------

[2014-07-17 14:21:52 #1 store] 
Database 'C:\Users\faster\Documents\NetBeansProjects\COLECTIVOS\colectivos.odb' is opened by 1700@faster-PC

[2014-07-17 14:21:52 #2 type.registry] 
New type entidades.Ciudad

[2014-07-17 14:21:52 #3 type] 
Type entidades.Ciudad is not enhanced.

[2014-07-17 14:21:52 #4 type.registry] 
New type entidades.Trayecto

[2014-07-17 14:21:52 #5 type] 
Type entidades.Trayecto is not enhanced.

[2014-07-17 14:21:52 #6 type.registry] 
New type java.util.ArrayList<java.lang.Object>

[2014-07-17 14:21:52 #7 type.registry] 
New type java.util.ArrayList<entidades.Ciudad>

[2014-07-17 14:21:52 #8 store] 
Database 'C:\Users\faster\Documents\NetBeansProjects\COLECTIVOS\colectivos.odb' is closed by 1700@faster-PC

------------------------------------------------------------------------------------------------------------------------

[2014-07-17 14:22:51 #1 store] 
Database 'C:\Users\faster\Documents\NetBeansProjects\COLECTIVOS\colectivos.odb' is opened by 4192@faster-PC

[2014-07-17 14:22:51 #2 type] 
Type entidades.Ciudad is not enhanced.

[2014-07-17 14:22:51 #3 type] 
Type entidades.Trayecto is not enhanced.

[2014-07-17 14:22:51 #4 type.registry] 
New type entidades.Persona

[2014-07-17 14:22:51 #5 type.registry] 
New type entidades.Chofer

[2014-07-17 14:22:51 #6 type] 
Type entidades.Persona is not enhanced.

[2014-07-17 14:22:51 #7 type] 
Type entidades.Chofer is not enhanced.

[2014-07-17 14:22:51 #8 type.registry] 
New type entidades.Vehiculo

[2014-07-17 14:22:51 #9 type] 
Type entidades.Vehiculo is not enhanced.

[2014-07-17 14:22:51 #10 store] 
Database 'C:\Users\faster\Documents\NetBeansProjects\COLECTIVOS\colectivos.odb' is closed by 4192@faster-PC

------------------------------------------------------------------------------------------------------------------------

[2014-07-17 14:24:23 #1 store] 
Database 'C:\Users\faster\Documents\NetBeansProjects\COLECTIVOS\colectivos.odb' is opened by 8316@faster-PC

[2014-07-17 14:24:23 #2 type] 
Type entidades.Ciudad is not enhanced.

[2014-07-17 14:24:23 #3 type] 
Type entidades.Trayecto is not enhanced.

[2014-07-17 14:24:23 #4 type] 
Type entidades.Persona is not enhanced.

[2014-07-17 14:24:23 #5 type] 
Type entidades.Chofer is not enhanced.

[2014-07-17 14:24:23 #6 type] 
Type entidades.Vehiculo is not enhanced.

[2014-07-17 14:24:48 #7 store] 
Database 'C:\Users\faster\Documents\NetBeansProjects\COLECTIVOS\colectivos.odb' is closed by 8316@faster-PC

------------------------------------------------------------------------------------------------------------------------

[2014-07-17 14:25:06 #1 store] 
Database 'C:\Users\faster\Documents\NetBeansProjects\COLECTIVOS\colectivos.odb' is opened by 8932@faster-PC

[2014-07-17 14:25:06 #2 type] 
Type entidades.Ciudad is not enhanced.

[2014-07-17 14:25:06 #3 type] 
Type entidades.Trayecto is not enhanced.

[2014-07-17 14:25:06 #4 type] 
Type entidades.Persona is not enhanced.

[2014-07-17 14:25:06 #5 type] 
Type entidades.Chofer is not enhanced.

[2014-07-17 14:25:06 #6 type] 
Type entidades.Vehiculo is not enhanced.

[2014-07-17 14:25:09 #7 store] 
Database 'C:\Users\faster\Documents\NetBeansProjects\COLECTIVOS\colectivos.odb' is closed by 8932@faster-PC

------------------------------------------------------------------------------------------------------------------------

[2014-07-17 17:17:04 #1 store] 
Database 'C:\Users\faster\Documents\NetBeansProjects\COLECTIVOS\colectivos.odb' is opened by 12024@faster-PC

[2014-07-17 17:17:05 #2 type] 
Type entidades.Ciudad is not enhanced.

[2014-07-17 17:17:05 #3 type] 
Type entidades.Trayecto is not enhanced.

[2014-07-17 17:17:05 #4 type] 
Type entidades.Persona is not enhanced.

[2014-07-17 17:17:05 #5 type] 
Type entidades.Chofer is not enhanced.

[2014-07-17 17:17:05 #6 type] 
Type entidades.Vehiculo is not enhanced.

[2014-07-17 17:17:08 #7 store] 
Database 'C:\Users\faster\Documents\NetBeansProjects\COLECTIVOS\colectivos.odb' is closed by 12024@faster-PC

------------------------------------------------------------------------------------------------------------------------

[2014-07-17 17:17:35 #1 store] 
Database 'C:\Users\faster\Documents\NetBeansProjects\COLECTIVOS\colectivos.odb' is opened by 11208@faster-PC

[2014-07-17 17:17:35 #2 type] 
Type entidades.Ciudad is not enhanced.

[2014-07-17 17:17:35 #3 type] 
Type entidades.Trayecto is not enhanced.

[2014-07-17 17:17:35 #4 type] 
Type entidades.Persona is not enhanced.

[2014-07-17 17:17:35 #5 type] 
Type entidades.Chofer is not enhanced.

[2014-07-17 17:17:35 #6 type] 
Type entidades.Vehiculo is not enhanced.

[2014-07-17 17:18:31 #7 store] 
Database 'C:\Users\faster\Documents\NetBeansProjects\COLECTIVOS\colectivos.odb' is closed by 11208@faster-PC

------------------------------------------------------------------------------------------------------------------------

[2014-07-17 19:28:21 #1 store] 
Database 'C:\Users\faster\Documents\NetBeansProjects\COLECTIVOS\colectivos.odb' is opened by 10096@faster-PC

[2014-07-17 19:28:21 #2 type] 
Type entidades.Ciudad is not enhanced.

[2014-07-17 19:28:21 #3 type] 
Type entidades.Trayecto is not enhanced.

[2014-07-17 19:28:21 #4 type] 
Type entidades.Persona is not enhanced.

[2014-07-17 19:28:21 #5 type] 
Type entidades.Chofer is not enhanced.

[2014-07-17 19:28:21 #6 type] 
Type entidades.Vehiculo is not enhanced.

[2014-07-17 19:29:17 #7 store] 
Database 'C:\Users\faster\Documents\NetBeansProjects\COLECTIVOS\colectivos.odb' is closed by 10096@faster-PC

------------------------------------------------------------------------------------------------------------------------

[2014-07-17 19:36:57 #1 store] 
Database 'C:\Users\faster\Documents\NetBeansProjects\COLECTIVOS\colectivos.odb' is opened by 9312@faster-PC

[2014-07-17 19:36:57 #2 type] 
Type entidades.Ciudad is not enhanced.

[2014-07-17 19:36:58 #3 type] 
Type entidades.Trayecto is not enhanced.

[2014-07-17 19:36:58 #4 type] 
Type entidades.Persona is not enhanced.

[2014-07-17 19:36:58 #5 type] 
Type entidades.Chofer is not enhanced.

[2014-07-17 19:36:58 #6 type] 
Type entidades.Vehiculo is not enhanced.

[2014-07-17 19:37:31 #7 store] 
Database 'C:\Users\faster\Documents\NetBeansProjects\COLECTIVOS\colectivos.odb' is closed by 9312@faster-PC

------------------------------------------------------------------------------------------------------------------------

[2014-07-17 21:40:35 #1 store] 
Database 'C:\Users\faster\Documents\NetBeansProjects\COLECTIVOS\colectivos.odb' is opened by 11236@faster-PC

[2014-07-17 21:40:36 #2 type] 
Type entidades.Ciudad is not enhanced.

[2014-07-17 21:40:36 #3 type] 
Type entidades.Trayecto is not enhanced.

[2014-07-17 21:40:36 #4 type] 
Type entidades.Persona is not enhanced.

[2014-07-17 21:40:36 #5 type] 
Type entidades.Chofer is not enhanced.

[2014-07-17 21:40:36 #6 type] 
Type entidades.Vehiculo is not enhanced.

[2014-07-17 21:40:58 #7 store] 
Database 'C:\Users\faster\Documents\NetBeansProjects\COLECTIVOS\colectivos.odb' is closed by 11236@faster-PC

------------------------------------------------------------------------------------------------------------------------

[2014-07-17 21:42:25 #1 store] 
Database 'C:\Users\faster\Documents\NetBeansProjects\COLECTIVOS\colectivos.odb' is opened by 6436@faster-PC

[2014-07-17 21:42:26 #2 type] 
Type entidades.Ciudad is not enhanced.

[2014-07-17 21:42:26 #3 type] 
Type entidades.Trayecto is not enhanced.

[2014-07-17 21:42:26 #4 type] 
Type entidades.Persona is not enhanced.

[2014-07-17 21:42:26 #5 type] 
Type entidades.Chofer is not enhanced.

[2014-07-17 21:42:26 #6 type] 
Type entidades.Vehiculo is not enhanced.

[2014-07-17 21:42:57 #7 store] 
Database 'C:\Users\faster\Documents\NetBeansProjects\COLECTIVOS\colectivos.odb' is closed by 6436@faster-PC

------------------------------------------------------------------------------------------------------------------------

[2014-07-17 21:43:48 #1 store] 
Database 'C:\Users\faster\Documents\NetBeansProjects\COLECTIVOS\colectivos.odb' is opened by 1568@faster-PC

[2014-07-17 21:43:48 #2 type] 
Type entidades.Ciudad is not enhanced.

[2014-07-17 21:43:48 #3 type] 
Type entidades.Trayecto is not enhanced.

[2014-07-17 21:43:48 #4 type] 
Type entidades.Persona is not enhanced.

[2014-07-17 21:43:48 #5 type] 
Type entidades.Chofer is not enhanced.

[2014-07-17 21:43:48 #6 type] 
Type entidades.Vehiculo is not enhanced.

[2014-07-17 21:44:20 #7 store] 
Database 'C:\Users\faster\Documents\NetBeansProjects\COLECTIVOS\colectivos.odb' is closed by 1568@faster-PC

------------------------------------------------------------------------------------------------------------------------

[2014-07-17 21:45:59 #1 store] 
Database 'C:\Users\faster\Documents\NetBeansProjects\COLECTIVOS\colectivos.odb' is opened by 12240@faster-PC

[2014-07-17 21:45:59 #2 type] 
Type entidades.Ciudad is not enhanced.

[2014-07-17 21:45:59 #3 type] 
Type entidades.Trayecto is not enhanced.

[2014-07-17 21:45:59 #4 type] 
Type entidades.Persona is not enhanced.

[2014-07-17 21:45:59 #5 type] 
Type entidades.Chofer is not enhanced.

[2014-07-17 21:45:59 #6 type] 
Type entidades.Vehiculo is not enhanced.

[2014-07-17 21:48:07 #7 store] 
Database 'C:\Users\faster\Documents\NetBeansProjects\COLECTIVOS\colectivos.odb' is closed by 12240@faster-PC

------------------------------------------------------------------------------------------------------------------------

[2014-07-17 21:48:25 #1 store] 
Database 'C:\Users\faster\Documents\NetBeansProjects\COLECTIVOS\colectivos.odb' is opened by 10372@faster-PC

[2014-07-17 21:48:25 #2 type] 
Type entidades.Ciudad is not enhanced.

[2014-07-17 21:48:25 #3 type] 
Type entidades.Trayecto is not enhanced.

[2014-07-17 21:48:25 #4 type] 
Type entidades.Persona is not enhanced.

[2014-07-17 21:48:25 #5 type] 
Type entidades.Chofer is not enhanced.

[2014-07-17 21:48:25 #6 type] 
Type entidades.Vehiculo is not enhanced.

[2014-07-17 21:48:47 #7 store] 
Database 'C:\Users\faster\Documents\NetBeansProjects\COLECTIVOS\colectivos.odb' is closed by 10372@faster-PC

------------------------------------------------------------------------------------------------------------------------

[2014-07-17 22:00:00 #1 store] 
Database 'C:\Users\faster\Documents\NetBeansProjects\COLECTIVOS\colectivos.odb' is opened by 11904@faster-PC

[2014-07-17 22:00:00 #2 type.registry] 
New type entidades.Ciudad

[2014-07-17 22:00:00 #3 type] 
Type entidades.Ciudad is not enhanced.

[2014-07-17 22:00:00 #4 type.registry] 
New type entidades.Trayecto

[2014-07-17 22:00:00 #5 type] 
Type entidades.Trayecto is not enhanced.

[2014-07-17 22:00:00 #6 type.registry] 
New type java.util.ArrayList<java.lang.Object>

[2014-07-17 22:00:00 #7 type.registry] 
New type java.util.ArrayList<entidades.Ciudad>

[2014-07-17 22:00:00 #8 store] 
Database 'C:\Users\faster\Documents\NetBeansProjects\COLECTIVOS\colectivos.odb' is closed by 11904@faster-PC

------------------------------------------------------------------------------------------------------------------------

[2014-07-17 22:00:08 #1 store] 
Database 'C:\Users\faster\Documents\NetBeansProjects\COLECTIVOS\colectivos.odb' is opened by 11208@faster-PC

[2014-07-17 22:00:08 #2 type] 
Type entidades.Ciudad is not enhanced.

[2014-07-17 22:00:08 #3 type] 
Type entidades.Trayecto is not enhanced.

[2014-07-17 22:00:09 #4 type.registry] 
New type entidades.Persona

[2014-07-17 22:00:09 #5 type.registry] 
New type entidades.Chofer

[2014-07-17 22:00:09 #6 type] 
Type entidades.Persona is not enhanced.

[2014-07-17 22:00:09 #7 type] 
Type entidades.Chofer is not enhanced.

[2014-07-17 22:00:09 #8 type.registry] 
New type entidades.Vehiculo

[2014-07-17 22:00:09 #9 type] 
Type entidades.Vehiculo is not enhanced.

[2014-07-17 22:00:09 #10 store] 
Database 'C:\Users\faster\Documents\NetBeansProjects\COLECTIVOS\colectivos.odb' is closed by 11208@faster-PC

------------------------------------------------------------------------------------------------------------------------

[2014-07-17 22:16:41 #1 store] 
Database 'C:\Users\faster\Documents\NetBeansProjects\COLECTIVOS\colectivos.odb' is opened by 12960@faster-PC

[2014-07-17 22:16:41 #2 type] 
Type entidades.Ciudad is not enhanced.

[2014-07-17 22:16:41 #3 type] 
Type entidades.Trayecto is not enhanced.

[2014-07-17 22:16:41 #4 type] 
Type entidades.Persona is not enhanced.

[2014-07-17 22:16:41 #5 type] 
Type entidades.Chofer is not enhanced.

[2014-07-17 22:16:41 #6 type] 
Type entidades.Vehiculo is not enhanced.

[2014-07-17 22:16:45 #7 store] 
Database 'C:\Users\faster\Documents\NetBeansProjects\COLECTIVOS\colectivos.odb' is closed by 12960@faster-PC

------------------------------------------------------------------------------------------------------------------------

[2014-07-17 22:17:00 #1 store] 
Database 'C:\Users\faster\Documents\NetBeansProjects\COLECTIVOS\colectivos.odb' is opened by 13172@faster-PC

[2014-07-17 22:17:01 #2 type] 
Type entidades.Ciudad is not enhanced.

[2014-07-17 22:17:01 #3 type] 
Type entidades.Trayecto is not enhanced.

[2014-07-17 22:17:01 #4 type] 
Type entidades.Persona is not enhanced.

[2014-07-17 22:17:01 #5 type] 
Type entidades.Chofer is not enhanced.

[2014-07-17 22:17:01 #6 type] 
Type entidades.Vehiculo is not enhanced.

[2014-07-17 22:17:28 #7 store] 
Database 'C:\Users\faster\Documents\NetBeansProjects\COLECTIVOS\colectivos.odb' is closed by 13172@faster-PC

------------------------------------------------------------------------------------------------------------------------

[2014-07-17 22:20:17 #1 store] 
Database 'C:\Users\faster\Documents\NetBeansProjects\COLECTIVOS\colectivos.odb' is opened by 14056@faster-PC

[2014-07-17 22:20:17 #2 type] 
Type entidades.Ciudad is not enhanced.

[2014-07-17 22:20:17 #3 type] 
Type entidades.Trayecto is not enhanced.

[2014-07-17 22:20:17 #4 type] 
Type entidades.Persona is not enhanced.

[2014-07-17 22:20:17 #5 type] 
Type entidades.Chofer is not enhanced.

[2014-07-17 22:20:17 #6 type] 
Type entidades.Vehiculo is not enhanced.

[2014-07-17 22:20:46 #7 store] 
Database 'C:\Users\faster\Documents\NetBeansProjects\COLECTIVOS\colectivos.odb' is closed by 14056@faster-PC

------------------------------------------------------------------------------------------------------------------------

[2014-07-17 22:23:02 #1 store] 
Database 'C:\Users\faster\Documents\NetBeansProjects\COLECTIVOS\colectivos.odb' is opened by 7912@faster-PC

[2014-07-17 22:23:03 #2 type] 
Type entidades.Ciudad is not enhanced.

[2014-07-17 22:23:03 #3 type] 
Type entidades.Trayecto is not enhanced.

[2014-07-17 22:23:03 #4 type] 
Type entidades.Persona is not enhanced.

[2014-07-17 22:23:03 #5 type] 
Type entidades.Chofer is not enhanced.

[2014-07-17 22:23:03 #6 type] 
Type entidades.Vehiculo is not enhanced.

[2014-07-17 22:24:15 #7 store] 
Database 'C:\Users\faster\Documents\NetBeansProjects\COLECTIVOS\colectivos.odb' is closed by 7912@faster-PC

