------------------------------------------------------------------------------------------------------------------------

[2014-07-17 10:44:15 #1 store] 
Database 'C:\Users\faster\Documents\NetBeansProjects\COLECTIVOS\colectivos.odb' is opened by 2284@faster-PC

[2014-07-17 10:44:15 #2 type] 
Type entidades.Ciudad is not enhanced.

[2014-07-17 10:44:15 #3 type] 
Type entidades.Trayecto is not enhanced.

[2014-07-17 10:44:15 #4 type.registry] 
New type entidades.Persona

[2014-07-17 10:44:15 #5 type.registry] 
New type entidades.Chofer

[2014-07-17 10:44:15 #6 type] 
Type entidades.Persona is not enhanced.

[2014-07-17 10:44:15 #7 type] 
Type entidades.Chofer is not enhanced.

[2014-07-17 10:44:15 #8 type.registry] 
New type entidades.Vehiculo

[2014-07-17 10:44:15 #9 type] 
Type entidades.Vehiculo is not enhanced.

[2014-07-17 10:44:24 #10 store] 
Database 'C:\Users\faster\Documents\NetBeansProjects\COLECTIVOS\colectivos.odb' is closed by 2284@faster-PC

------------------------------------------------------------------------------------------------------------------------

[2014-07-17 10:45:05 #1 store] 
Database 'C:\Users\faster\Documents\NetBeansProjects\COLECTIVOS\colectivos.odb' is opened by 7856@faster-PC

[2014-07-17 10:45:05 #2 type] 
Type entidades.Ciudad is not enhanced.

[2014-07-17 10:45:05 #3 type] 
Type entidades.Trayecto is not enhanced.

[2014-07-17 10:45:05 #4 type] 
Type entidades.Persona is not enhanced.

[2014-07-17 10:45:05 #5 type] 
Type entidades.Chofer is not enhanced.

[2014-07-17 10:45:05 #6 type] 
Type entidades.Vehiculo is not enhanced.

[2014-07-17 10:45:56 #7 store] 
Database 'C:\Users\faster\Documents\NetBeansProjects\COLECTIVOS\colectivos.odb' is closed by 7856@faster-PC

------------------------------------------------------------------------------------------------------------------------

[2014-07-17 10:57:20 #1 store] 
Database 'C:\Users\faster\Documents\NetBeansProjects\COLECTIVOS\colectivos.odb' is opened by 4972@faster-PC

[2014-07-17 10:57:20 #2 type] 
Type entidades.Ciudad is not enhanced.

[2014-07-17 10:57:20 #3 type] 
Type entidades.Trayecto is not enhanced.

[2014-07-17 10:57:20 #4 type] 
Type entidades.Persona is not enhanced.

[2014-07-17 10:57:20 #5 type] 
Type entidades.Chofer is not enhanced.

[2014-07-17 10:57:20 #6 type] 
Type entidades.Vehiculo is not enhanced.

[2014-07-17 10:57:27 #7 store] 
Database 'C:\Users\faster\Documents\NetBeansProjects\COLECTIVOS\colectivos.odb' is closed by 4972@faster-PC

------------------------------------------------------------------------------------------------------------------------

[2014-07-17 10:57:55 #1 store] 
Database 'C:\Users\faster\Documents\NetBeansProjects\COLECTIVOS\colectivos.odb' is opened by 6692@faster-PC

[2014-07-17 10:57:55 #2 type] 
Type entidades.Ciudad is not enhanced.

[2014-07-17 10:57:55 #3 type] 
Type entidades.Trayecto is not enhanced.

[2014-07-17 10:57:55 #4 type] 
Type entidades.Persona is not enhanced.

[2014-07-17 10:57:55 #5 type] 
Type entidades.Chofer is not enhanced.

[2014-07-17 10:57:55 #6 type] 
Type entidades.Vehiculo is not enhanced.

[2014-07-17 10:59:14 #7 store] 
Database 'C:\Users\faster\Documents\NetBeansProjects\COLECTIVOS\colectivos.odb' is closed by 6692@faster-PC

------------------------------------------------------------------------------------------------------------------------

[2014-07-17 11:00:36 #1 store] 
Database 'C:\Users\faster\Documents\NetBeansProjects\COLECTIVOS\colectivos.odb' is opened by 7472@faster-PC

[2014-07-17 11:00:36 #2 type] 
Type entidades.Ciudad is not enhanced.

[2014-07-17 11:00:36 #3 type] 
Type entidades.Trayecto is not enhanced.

[2014-07-17 11:00:36 #4 type] 
Type entidades.Persona is not enhanced.

[2014-07-17 11:00:36 #5 type] 
Type entidades.Chofer is not enhanced.

[2014-07-17 11:00:36 #6 type] 
Type entidades.Vehiculo is not enhanced.

[2014-07-17 11:03:29 #7 store] 
Database 'C:\Users\faster\Documents\NetBeansProjects\COLECTIVOS\colectivos.odb' is closed by 7472@faster-PC

------------------------------------------------------------------------------------------------------------------------

[2014-07-17 11:08:29 #1 store] 
Database 'C:\Users\faster\Documents\NetBeansProjects\COLECTIVOS\colectivos.odb' is opened by 9712@faster-PC

[2014-07-17 11:08:29 #2 type] 
Type entidades.Ciudad is not enhanced.

[2014-07-17 11:08:29 #3 type] 
Type entidades.Trayecto is not enhanced.

[2014-07-17 11:08:29 #4 type] 
Type entidades.Persona is not enhanced.

[2014-07-17 11:08:29 #5 type] 
Type entidades.Chofer is not enhanced.

[2014-07-17 11:08:29 #6 type] 
Type entidades.Vehiculo is not enhanced.

[2014-07-17 11:09:49 #7 store] 
Database 'C:\Users\faster\Documents\NetBeansProjects\COLECTIVOS\colectivos.odb' is closed by 9712@faster-PC

------------------------------------------------------------------------------------------------------------------------

[2014-07-17 11:14:14 #1 store] 
Database 'C:\Users\faster\Documents\NetBeansProjects\COLECTIVOS\colectivos.odb' is opened by 7872@faster-PC

[2014-07-17 11:14:14 #2 type] 
Type entidades.Ciudad is not enhanced.

[2014-07-17 11:14:14 #3 type] 
Type entidades.Trayecto is not enhanced.

[2014-07-17 11:14:14 #4 type] 
Type entidades.Persona is not enhanced.

[2014-07-17 11:14:14 #5 type] 
Type entidades.Chofer is not enhanced.

[2014-07-17 11:14:14 #6 type] 
Type entidades.Vehiculo is not enhanced.

[2014-07-17 11:14:44 #7 store] 
Database 'C:\Users\faster\Documents\NetBeansProjects\COLECTIVOS\colectivos.odb' is closed by 7872@faster-PC

------------------------------------------------------------------------------------------------------------------------

[2014-07-17 11:15:44 #1 store] 
Database 'C:\Users\faster\Documents\NetBeansProjects\COLECTIVOS\colectivos.odb' is opened by 5688@faster-PC

[2014-07-17 11:15:44 #2 type] 
Type entidades.Ciudad is not enhanced.

[2014-07-17 11:15:44 #3 type] 
Type entidades.Trayecto is not enhanced.

[2014-07-17 11:15:44 #4 type] 
Type entidades.Persona is not enhanced.

[2014-07-17 11:15:44 #5 type] 
Type entidades.Chofer is not enhanced.

[2014-07-17 11:15:44 #6 type] 
Type entidades.Vehiculo is not enhanced.

[2014-07-17 11:20:33 #7 store] 
Database 'C:\Users\faster\Documents\NetBeansProjects\COLECTIVOS\colectivos.odb' is closed by 5688@faster-PC

------------------------------------------------------------------------------------------------------------------------

[2014-07-17 11:36:39 #1 store] 
Database 'C:\Users\faster\Documents\NetBeansProjects\COLECTIVOS\colectivos.odb' is opened by 9560@faster-PC

[2014-07-17 11:36:39 #2 type] 
Type entidades.Ciudad is not enhanced.

[2014-07-17 11:36:39 #3 type] 
Type entidades.Trayecto is not enhanced.

[2014-07-17 11:36:39 #4 type] 
Type entidades.Persona is not enhanced.

[2014-07-17 11:36:39 #5 type] 
Type entidades.Chofer is not enhanced.

[2014-07-17 11:36:39 #6 type] 
Type entidades.Vehiculo is not enhanced.

[2014-07-17 11:36:50 #7 store] 
Database 'C:\Users\faster\Documents\NetBeansProjects\COLECTIVOS\colectivos.odb' is closed by 9560@faster-PC

