------------------------------------------------------------------------------------------------------------------------

[2014-07-31 00:10:15 #1 store] 
Database 'C:\Users\faster\Documents\NetBeansProjects\COLECTIVOS\colectivos.odb' is opened by 4540@faster-PC

[2014-07-31 00:10:15 #2 type] 
Type entidades.Ciudad is not enhanced.

[2014-07-31 00:10:15 #3 type] 
Type entidades.Trayecto is not enhanced.

[2014-07-31 00:10:15 #4 type] 
Type entidades.Persona is not enhanced.

[2014-07-31 00:10:15 #5 type] 
Type entidades.Chofer is not enhanced.

[2014-07-31 00:10:15 #6 type] 
Type entidades.Vehiculo is not enhanced.

[2014-07-31 00:10:15 #7 type] 
Type entidades.Viaje is not enhanced.

[2014-07-31 00:10:15 #8 type] 
Type entidades.Pasaje is not enhanced.

[2014-07-31 00:10:15 #9 type] 
Type entidades.Pasajero is not enhanced.

[2014-07-31 00:11:41 #10 store] 
Database 'C:\Users\faster\Documents\NetBeansProjects\COLECTIVOS\colectivos.odb' is closed by 4540@faster-PC

------------------------------------------------------------------------------------------------------------------------

[2014-07-31 00:14:50 #1 store] 
Database 'C:\Users\faster\Documents\NetBeansProjects\COLECTIVOS\colectivos.odb' is opened by 2784@faster-PC

[2014-07-31 00:14:50 #2 type] 
Type entidades.Ciudad is not enhanced.

[2014-07-31 00:14:50 #3 type] 
Type entidades.Trayecto is not enhanced.

[2014-07-31 00:14:50 #4 type] 
Type entidades.Persona is not enhanced.

[2014-07-31 00:14:50 #5 type] 
Type entidades.Chofer is not enhanced.

[2014-07-31 00:14:50 #6 type] 
Type entidades.Vehiculo is not enhanced.

[2014-07-31 00:14:50 #7 type] 
Type entidades.Viaje is not enhanced.

[2014-07-31 00:14:50 #8 type] 
Type entidades.Pasaje is not enhanced.

[2014-07-31 00:14:50 #9 type] 
Type entidades.Pasajero is not enhanced.

[2014-07-31 00:15:13 #10 store] 
Database 'C:\Users\faster\Documents\NetBeansProjects\COLECTIVOS\colectivos.odb' is closed by 2784@faster-PC

------------------------------------------------------------------------------------------------------------------------

[2014-07-31 00:15:39 #1 store] 
Database 'C:\Users\faster\Documents\NetBeansProjects\COLECTIVOS\colectivos.odb' is opened by 4964@faster-PC

[2014-07-31 00:15:39 #2 type] 
Type entidades.Ciudad is not enhanced.

[2014-07-31 00:15:39 #3 type] 
Type entidades.Trayecto is not enhanced.

[2014-07-31 00:15:39 #4 type] 
Type entidades.Persona is not enhanced.

[2014-07-31 00:15:39 #5 type] 
Type entidades.Chofer is not enhanced.

[2014-07-31 00:15:39 #6 type] 
Type entidades.Vehiculo is not enhanced.

[2014-07-31 00:15:39 #7 type] 
Type entidades.Viaje is not enhanced.

[2014-07-31 00:15:39 #8 type] 
Type entidades.Pasaje is not enhanced.

[2014-07-31 00:15:39 #9 type] 
Type entidades.Pasajero is not enhanced.

[2014-07-31 00:16:04 #10 store] 
Database 'C:\Users\faster\Documents\NetBeansProjects\COLECTIVOS\colectivos.odb' is closed by 4964@faster-PC

------------------------------------------------------------------------------------------------------------------------

[2014-07-31 00:20:30 #1 store] 
Database 'C:\Users\faster\Documents\NetBeansProjects\COLECTIVOS\colectivos.odb' is opened by 8820@faster-PC

[2014-07-31 00:20:30 #2 type] 
Type entidades.Ciudad is not enhanced.

[2014-07-31 00:20:30 #3 type] 
Type entidades.Trayecto is not enhanced.

[2014-07-31 00:20:30 #4 type] 
Type entidades.Persona is not enhanced.

[2014-07-31 00:20:30 #5 type] 
Type entidades.Chofer is not enhanced.

[2014-07-31 00:20:30 #6 type] 
Type entidades.Vehiculo is not enhanced.

[2014-07-31 00:20:30 #7 type] 
Type entidades.Viaje is not enhanced.

[2014-07-31 00:20:30 #8 type] 
Type entidades.Pasaje is not enhanced.

[2014-07-31 00:20:30 #9 type] 
Type entidades.Pasajero is not enhanced.

[2014-07-31 00:21:46 #10 store] 
Database 'C:\Users\faster\Documents\NetBeansProjects\COLECTIVOS\colectivos.odb' is closed by 8820@faster-PC

------------------------------------------------------------------------------------------------------------------------

[2014-07-31 08:40:27 #1 store] 
Database 'C:\Users\faster\Documents\NetBeansProjects\COLECTIVOS\colectivos.odb' is opened by 9044@faster-PC

[2014-07-31 08:40:27 #2 type] 
Type entidades.Ciudad is not enhanced.

[2014-07-31 08:40:27 #3 type] 
Type entidades.Trayecto is not enhanced.

[2014-07-31 08:40:27 #4 type] 
Type entidades.Persona is not enhanced.

[2014-07-31 08:40:27 #5 type] 
Type entidades.Chofer is not enhanced.

[2014-07-31 08:40:27 #6 type] 
Type entidades.Vehiculo is not enhanced.

[2014-07-31 08:40:27 #7 type] 
Type entidades.Viaje is not enhanced.

[2014-07-31 08:40:27 #8 type] 
Type entidades.Pasaje is not enhanced.

[2014-07-31 08:40:27 #9 type] 
Type entidades.Pasajero is not enhanced.

[2014-07-31 08:41:44 #10 store] 
Database 'C:\Users\faster\Documents\NetBeansProjects\COLECTIVOS\colectivos.odb' is closed by 9044@faster-PC

------------------------------------------------------------------------------------------------------------------------

[2014-07-31 08:43:50 #1 store] 
Database 'C:\Users\faster\Documents\NetBeansProjects\COLECTIVOS\colectivos.odb' is opened by 7760@faster-PC

[2014-07-31 08:43:50 #2 type] 
Type entidades.Ciudad is not enhanced.

[2014-07-31 08:43:50 #3 type] 
Type entidades.Trayecto is not enhanced.

[2014-07-31 08:43:50 #4 type] 
Type entidades.Persona is not enhanced.

[2014-07-31 08:43:50 #5 type] 
Type entidades.Chofer is not enhanced.

[2014-07-31 08:43:50 #6 type] 
Type entidades.Vehiculo is not enhanced.

[2014-07-31 08:43:50 #7 type] 
Type entidades.Viaje is not enhanced.

[2014-07-31 08:43:50 #8 type] 
Type entidades.Pasaje is not enhanced.

[2014-07-31 08:43:50 #9 type] 
Type entidades.Pasajero is not enhanced.

[2014-07-31 08:44:09 #10 store] 
Database 'C:\Users\faster\Documents\NetBeansProjects\COLECTIVOS\colectivos.odb' is closed by 7760@faster-PC

------------------------------------------------------------------------------------------------------------------------

[2014-07-31 08:53:34 #1 store] 
Database 'C:\Users\faster\Documents\NetBeansProjects\COLECTIVOS\colectivos.odb' is opened by 6496@faster-PC

[2014-07-31 08:53:34 #2 type] 
Type entidades.Ciudad is not enhanced.

[2014-07-31 08:53:34 #3 type] 
Type entidades.Trayecto is not enhanced.

[2014-07-31 08:53:34 #4 type] 
Type entidades.Persona is not enhanced.

[2014-07-31 08:53:34 #5 type] 
Type entidades.Chofer is not enhanced.

[2014-07-31 08:53:34 #6 type] 
Type entidades.Vehiculo is not enhanced.

[2014-07-31 08:53:34 #7 type] 
Type entidades.Viaje is not enhanced.

[2014-07-31 08:53:34 #8 type] 
Type entidades.Pasaje is not enhanced.

[2014-07-31 08:53:34 #9 type] 
Type entidades.Pasajero is not enhanced.

[2014-07-31 08:54:47 #10 store] 
Database 'C:\Users\faster\Documents\NetBeansProjects\COLECTIVOS\colectivos.odb' is closed by 6496@faster-PC

------------------------------------------------------------------------------------------------------------------------

[2014-07-31 09:02:52 #1 store] 
Database 'C:\Users\faster\Documents\NetBeansProjects\COLECTIVOS\colectivos.odb' is opened by 9680@faster-PC

[2014-07-31 09:02:52 #2 type] 
Type entidades.Ciudad is not enhanced.

[2014-07-31 09:02:52 #3 type] 
Type entidades.Trayecto is not enhanced.

[2014-07-31 09:02:52 #4 type] 
Type entidades.Persona is not enhanced.

[2014-07-31 09:02:52 #5 type] 
Type entidades.Chofer is not enhanced.

[2014-07-31 09:02:52 #6 type] 
Type entidades.Vehiculo is not enhanced.

[2014-07-31 09:02:52 #7 type] 
Type entidades.Viaje is not enhanced.

[2014-07-31 09:02:52 #8 type] 
Type entidades.Pasaje is not enhanced.

[2014-07-31 09:02:52 #9 type] 
Type entidades.Pasajero is not enhanced.

[2014-07-31 09:03:16 #10 store] 
Database 'C:\Users\faster\Documents\NetBeansProjects\COLECTIVOS\colectivos.odb' is closed by 9680@faster-PC

------------------------------------------------------------------------------------------------------------------------

[2014-07-31 09:07:45 #1 store] 
Database 'C:\Users\faster\Documents\NetBeansProjects\COLECTIVOS\colectivos.odb' is opened by 6936@faster-PC

[2014-07-31 09:07:46 #2 type] 
Type entidades.Ciudad is not enhanced.

[2014-07-31 09:07:46 #3 type] 
Type entidades.Trayecto is not enhanced.

[2014-07-31 09:07:46 #4 type] 
Type entidades.Persona is not enhanced.

[2014-07-31 09:07:46 #5 type] 
Type entidades.Chofer is not enhanced.

[2014-07-31 09:07:46 #6 type] 
Type entidades.Vehiculo is not enhanced.

[2014-07-31 09:07:46 #7 type] 
Type entidades.Viaje is not enhanced.

[2014-07-31 09:07:46 #8 type] 
Type entidades.Pasaje is not enhanced.

[2014-07-31 09:07:46 #9 type] 
Type entidades.Pasajero is not enhanced.

[2014-07-31 09:08:10 #10 store] 
Database 'C:\Users\faster\Documents\NetBeansProjects\COLECTIVOS\colectivos.odb' is closed by 6936@faster-PC

------------------------------------------------------------------------------------------------------------------------

[2014-07-31 09:31:46 #1 store] 
Database 'C:\Users\faster\Documents\NetBeansProjects\COLECTIVOS\colectivos.odb' is opened by 7276@faster-PC

[2014-07-31 09:31:46 #2 type] 
Type entidades.Ciudad is not enhanced.

[2014-07-31 09:31:46 #3 type] 
Type entidades.Trayecto is not enhanced.

[2014-07-31 09:31:46 #4 type] 
Type entidades.Persona is not enhanced.

[2014-07-31 09:31:46 #5 type] 
Type entidades.Chofer is not enhanced.

[2014-07-31 09:31:46 #6 type] 
Type entidades.Vehiculo is not enhanced.

[2014-07-31 09:31:46 #7 type] 
Type entidades.Viaje is not enhanced.

[2014-07-31 09:31:46 #8 type] 
Type entidades.Pasaje is not enhanced.

[2014-07-31 09:31:46 #9 type] 
Type entidades.Pasajero is not enhanced.

[2014-07-31 09:32:26 #10 store] 
Database 'C:\Users\faster\Documents\NetBeansProjects\COLECTIVOS\colectivos.odb' is closed by 7276@faster-PC

