------------------------------------------------------------------------------------------------------------------------

[2014-07-15 09:32:37 #1 store] 
Database 'C:\Users\faster\Documents\NetBeansProjects\COLECTIVOS\colectivos.odb' is opened by 11972@faster-PC

[2014-07-15 09:32:38 #2 type] 
Type entidades.Ciudad is not enhanced.

[2014-07-15 09:32:38 #3 type] 
Type entidades.Trayecto is not enhanced.

[2014-07-15 09:33:23 #4 store] 
Database 'C:\Users\faster\Documents\NetBeansProjects\COLECTIVOS\colectivos.odb' is closed by 11972@faster-PC

------------------------------------------------------------------------------------------------------------------------

[2014-07-15 09:36:08 #1 store] 
Database 'C:\Users\faster\Documents\NetBeansProjects\COLECTIVOS\colectivos.odb' is opened by 10236@faster-PC

[2014-07-15 09:36:08 #2 type] 
Type entidades.Ciudad is not enhanced.

[2014-07-15 09:36:08 #3 type] 
Type entidades.Trayecto is not enhanced.

[2014-07-15 09:36:35 #4 store] 
Database 'C:\Users\faster\Documents\NetBeansProjects\COLECTIVOS\colectivos.odb' is closed by 10236@faster-PC

------------------------------------------------------------------------------------------------------------------------

[2014-07-15 09:47:06 #1 store] 
Database 'C:\Users\faster\Documents\NetBeansProjects\COLECTIVOS\colectivos.odb' is opened by 8036@faster-PC

[2014-07-15 09:47:06 #2 type] 
Type entidades.Ciudad is not enhanced.

[2014-07-15 09:47:06 #3 type] 
Type entidades.Trayecto is not enhanced.

[2014-07-15 09:47:45 #4 store] 
Database 'C:\Users\faster\Documents\NetBeansProjects\COLECTIVOS\colectivos.odb' is closed by 8036@faster-PC

------------------------------------------------------------------------------------------------------------------------

[2014-07-15 09:48:22 #1 store] 
Database 'C:\Users\faster\Documents\NetBeansProjects\COLECTIVOS\colectivos.odb' is opened by 1408@faster-PC

[2014-07-15 09:48:22 #2 type] 
Type entidades.Ciudad is not enhanced.

[2014-07-15 09:48:22 #3 type] 
Type entidades.Trayecto is not enhanced.

[2014-07-15 09:49:25 #4 store] 
Database 'C:\Users\faster\Documents\NetBeansProjects\COLECTIVOS\colectivos.odb' is closed by 1408@faster-PC

------------------------------------------------------------------------------------------------------------------------

[2014-07-15 09:50:23 #1 store] 
Database 'C:\Users\faster\Documents\NetBeansProjects\COLECTIVOS\colectivos.odb' is opened by 12580@faster-PC

[2014-07-15 09:50:23 #2 type] 
Type entidades.Ciudad is not enhanced.

[2014-07-15 09:50:23 #3 type] 
Type entidades.Trayecto is not enhanced.

[2014-07-15 09:50:54 #4 store] 
Database 'C:\Users\faster\Documents\NetBeansProjects\COLECTIVOS\colectivos.odb' is closed by 12580@faster-PC

------------------------------------------------------------------------------------------------------------------------

[2014-07-15 09:51:58 #1 store] 
Database 'C:\Users\faster\Documents\NetBeansProjects\COLECTIVOS\colectivos.odb' is opened by 10284@faster-PC

[2014-07-15 09:51:58 #2 type] 
Type entidades.Ciudad is not enhanced.

[2014-07-15 09:51:58 #3 type] 
Type entidades.Trayecto is not enhanced.

[2014-07-15 09:52:25 #4 store] 
Database 'C:\Users\faster\Documents\NetBeansProjects\COLECTIVOS\colectivos.odb' is closed by 10284@faster-PC

------------------------------------------------------------------------------------------------------------------------

[2014-07-15 09:57:44 #1 store] 
Database 'C:\Users\faster\Documents\NetBeansProjects\COLECTIVOS\colectivos.odb' is opened by 12328@faster-PC

[2014-07-15 09:57:44 #2 type] 
Type entidades.Ciudad is not enhanced.

[2014-07-15 09:57:44 #3 type] 
Type entidades.Trayecto is not enhanced.

[2014-07-15 09:57:50 #4 store] 
Database 'C:\Users\faster\Documents\NetBeansProjects\COLECTIVOS\colectivos.odb' is closed by 12328@faster-PC

------------------------------------------------------------------------------------------------------------------------

[2014-07-15 09:58:08 #1 store] 
Database 'C:\Users\faster\Documents\NetBeansProjects\COLECTIVOS\colectivos.odb' is opened by 9188@faster-PC

[2014-07-15 09:58:08 #2 type.registry] 
New type entidades.Ciudad

[2014-07-15 09:58:08 #3 type] 
Type entidades.Ciudad is not enhanced.

[2014-07-15 09:58:08 #4 type.registry] 
New type entidades.Trayecto

[2014-07-15 09:58:08 #5 type] 
Type entidades.Trayecto is not enhanced.

[2014-07-15 09:58:10 #6 store] 
Database 'C:\Users\faster\Documents\NetBeansProjects\COLECTIVOS\colectivos.odb' is closed by 9188@faster-PC

------------------------------------------------------------------------------------------------------------------------

[2014-07-15 09:58:18 #1 store] 
Database 'C:\Users\faster\Documents\NetBeansProjects\COLECTIVOS\colectivos.odb' is opened by 12192@faster-PC

[2014-07-15 09:58:18 #2 type] 
Type entidades.Ciudad is not enhanced.

[2014-07-15 09:58:18 #3 type] 
Type entidades.Trayecto is not enhanced.

[2014-07-15 10:04:14 #4 store] 
Database 'C:\Users\faster\Documents\NetBeansProjects\COLECTIVOS\colectivos.odb' is closed by 12192@faster-PC

------------------------------------------------------------------------------------------------------------------------

[2014-07-15 10:39:46 #1 store] 
Database 'C:\Users\faster\Documents\NetBeansProjects\COLECTIVOS\colectivos.odb' is opened by 7972@faster-PC

[2014-07-15 10:39:46 #2 type.registry] 
New type entidades.Ciudad

[2014-07-15 10:39:46 #3 type] 
Type entidades.Ciudad is not enhanced.

------------------------------------------------------------------------------------------------------------------------

[2014-07-15 10:41:01 #1 store] 
Database 'C:\Users\faster\Documents\NetBeansProjects\COLECTIVOS\colectivos.odb' has been recovered (tr. 1-2)

[2014-07-15 10:41:01 #2 store] 
Database 'C:\Users\faster\Documents\NetBeansProjects\COLECTIVOS\colectivos.odb' is opened by 8556@faster-PC

[2014-07-15 10:41:02 #3 type.registry] 
New type entidades.Ciudad

[2014-07-15 10:41:02 #4 type] 
Type entidades.Ciudad is not enhanced.

[2014-07-15 10:41:02 #5 type.registry] 
New type entidades.Trayecto

[2014-07-15 10:41:02 #6 type] 
Type entidades.Trayecto is not enhanced.

[2014-07-15 10:41:02 #7 store] 
Database 'C:\Users\faster\Documents\NetBeansProjects\COLECTIVOS\colectivos.odb' is closed by 8556@faster-PC

------------------------------------------------------------------------------------------------------------------------

[2014-07-15 10:46:13 #1 store] 
Database 'C:\Users\faster\Documents\NetBeansProjects\COLECTIVOS\colectivos.odb' is opened by 13440@faster-PC

[2014-07-15 10:46:13 #2 type] 
Type entidades.Ciudad is not enhanced.

[2014-07-15 10:46:13 #3 type] 
Type entidades.Trayecto is not enhanced.

[2014-07-15 10:46:41 #4 store] 
Database 'C:\Users\faster\Documents\NetBeansProjects\COLECTIVOS\colectivos.odb' is closed by 13440@faster-PC

------------------------------------------------------------------------------------------------------------------------

[2014-07-15 10:47:05 #1 store] 
Database 'C:\Users\faster\Documents\NetBeansProjects\COLECTIVOS\colectivos.odb' is opened by 2612@faster-PC

[2014-07-15 10:47:05 #2 type] 
Type entidades.Ciudad is not enhanced.

[2014-07-15 10:47:05 #3 type] 
Type entidades.Trayecto is not enhanced.

[2014-07-15 10:48:39 #4 store] 
Database 'C:\Users\faster\Documents\NetBeansProjects\COLECTIVOS\colectivos.odb' is closed by 2612@faster-PC

------------------------------------------------------------------------------------------------------------------------

[2014-07-15 11:05:33 #1 store] 
Database 'C:\Users\faster\Documents\NetBeansProjects\COLECTIVOS\colectivos.odb' is opened by 3348@faster-PC

[2014-07-15 11:05:33 #2 type] 
Type entidades.Ciudad is not enhanced.

[2014-07-15 11:05:33 #3 type] 
Type entidades.Trayecto is not enhanced.

[2014-07-15 11:05:51 #4 store] 
Database 'C:\Users\faster\Documents\NetBeansProjects\COLECTIVOS\colectivos.odb' is closed by 3348@faster-PC

[2014-07-15 11:05:53 #5 store] 
Database 'C:\Users\faster\Documents\NetBeansProjects\COLECTIVOS\colectivos.odb' is opened by 3348@faster-PC

[2014-07-15 11:05:57 #6 store] 
Database 'C:\Users\faster\Documents\NetBeansProjects\COLECTIVOS\colectivos.odb' is closed by 3348@faster-PC

[2014-07-15 11:05:58 #7 store] 
Database 'C:\Users\faster\Documents\NetBeansProjects\COLECTIVOS\colectivos.odb' is opened by 3348@faster-PC

[2014-07-15 11:06:00 #8 store] 
Database 'C:\Users\faster\Documents\NetBeansProjects\COLECTIVOS\colectivos.odb' is closed by 3348@faster-PC

[2014-07-15 11:06:02 #9 store] 
Database 'C:\Users\faster\Documents\NetBeansProjects\COLECTIVOS\colectivos.odb' is opened by 3348@faster-PC

[2014-07-15 11:06:04 #10 store] 
Database 'C:\Users\faster\Documents\NetBeansProjects\COLECTIVOS\colectivos.odb' is closed by 3348@faster-PC

------------------------------------------------------------------------------------------------------------------------

[2014-07-15 11:07:02 #1 store] 
Database 'C:\Users\faster\Documents\NetBeansProjects\COLECTIVOS\colectivos.odb' is opened by 5072@faster-PC

[2014-07-15 11:07:02 #2 type] 
Type entidades.Ciudad is not enhanced.

[2014-07-15 11:07:02 #3 type] 
Type entidades.Trayecto is not enhanced.

[2014-07-15 11:07:06 #4 store] 
Database 'C:\Users\faster\Documents\NetBeansProjects\COLECTIVOS\colectivos.odb' is closed by 5072@faster-PC

[2014-07-15 11:07:07 #5 store] 
Database 'C:\Users\faster\Documents\NetBeansProjects\COLECTIVOS\colectivos.odb' is opened by 5072@faster-PC

[2014-07-15 11:07:17 #6 store] 
Database 'C:\Users\faster\Documents\NetBeansProjects\COLECTIVOS\colectivos.odb' is closed by 5072@faster-PC

------------------------------------------------------------------------------------------------------------------------

[2014-07-15 11:09:10 #1 store] 
Database 'C:\Users\faster\Documents\NetBeansProjects\COLECTIVOS\colectivos.odb' is opened by 12932@faster-PC

[2014-07-15 11:09:10 #2 type] 
Type entidades.Ciudad is not enhanced.

[2014-07-15 11:09:10 #3 type] 
Type entidades.Trayecto is not enhanced.

[2014-07-15 11:09:38 #4 store] 
Database 'C:\Users\faster\Documents\NetBeansProjects\COLECTIVOS\colectivos.odb' is closed by 12932@faster-PC

------------------------------------------------------------------------------------------------------------------------

[2014-07-15 13:47:22 #1 store] 
Database 'C:\Users\faster\Documents\NetBeansProjects\COLECTIVOS\colectivos.odb' is opened by 2384@faster-PC

[2014-07-15 13:47:22 #2 type] 
Type entidades.Ciudad is not enhanced.

[2014-07-15 13:47:22 #3 type] 
Type entidades.Trayecto is not enhanced.

[2014-07-15 13:47:30 #4 store] 
Database 'C:\Users\faster\Documents\NetBeansProjects\COLECTIVOS\colectivos.odb' is closed by 2384@faster-PC

------------------------------------------------------------------------------------------------------------------------

[2014-07-15 13:48:14 #1 store] 
Database 'C:\Users\faster\Documents\NetBeansProjects\COLECTIVOS\colectivos.odb' is opened by 11204@faster-PC

[2014-07-15 13:48:14 #2 type] 
Type entidades.Ciudad is not enhanced.

[2014-07-15 13:48:14 #3 type] 
Type entidades.Trayecto is not enhanced.

[2014-07-15 13:48:29 #4 store] 
Database 'C:\Users\faster\Documents\NetBeansProjects\COLECTIVOS\colectivos.odb' is closed by 11204@faster-PC

------------------------------------------------------------------------------------------------------------------------

[2014-07-15 13:52:20 #1 store] 
Database 'C:\Users\faster\Documents\NetBeansProjects\COLECTIVOS\colectivos.odb' is opened by 1820@faster-PC

[2014-07-15 13:52:21 #2 type.registry] 
New type entidades.Ciudad

[2014-07-15 13:52:21 #3 type] 
Type entidades.Ciudad is not enhanced.

[2014-07-15 13:52:21 #4 type.registry] 
New type entidades.Trayecto

[2014-07-15 13:52:21 #5 type] 
Type entidades.Trayecto is not enhanced.

[2014-07-15 13:52:21 #6 store] 
Database 'C:\Users\faster\Documents\NetBeansProjects\COLECTIVOS\colectivos.odb' is closed by 1820@faster-PC

------------------------------------------------------------------------------------------------------------------------

[2014-07-15 13:52:32 #1 store] 
Database 'C:\Users\faster\Documents\NetBeansProjects\COLECTIVOS\colectivos.odb' is opened by 3188@faster-PC

[2014-07-15 13:52:32 #2 type] 
Type entidades.Ciudad is not enhanced.

[2014-07-15 13:52:32 #3 type] 
Type entidades.Trayecto is not enhanced.

[2014-07-15 13:53:38 #4 store] 
Database 'C:\Users\faster\Documents\NetBeansProjects\COLECTIVOS\colectivos.odb' is closed by 3188@faster-PC

------------------------------------------------------------------------------------------------------------------------

[2014-07-15 14:21:19 #1 store] 
Database 'C:\Users\faster\Documents\NetBeansProjects\COLECTIVOS\colectivos.odb' is opened by 11460@faster-PC

[2014-07-15 14:21:19 #2 type.registry] 
New type entidades.Trayecto

[2014-07-15 14:21:19 #3 type] 
Type entidades.Trayecto is not enhanced.

[2014-07-15 14:21:19 #4 type.registry] 
New type entidades.Ciudad

[2014-07-15 14:21:19 #5 type] 
Type entidades.Ciudad is not enhanced.

[2014-07-15 14:21:44 #6 store] 
Database 'C:\Users\faster\Documents\NetBeansProjects\COLECTIVOS\colectivos.odb' is closed by 11460@faster-PC

------------------------------------------------------------------------------------------------------------------------

[2014-07-15 14:23:56 #1 store] 
Database 'C:\Users\faster\Documents\NetBeansProjects\COLECTIVOS\colectivos.odb' is opened by 11700@faster-PC

[2014-07-15 14:23:56 #2 type] 
Type entidades.Trayecto is not enhanced.

[2014-07-15 14:23:56 #3 type] 
Type entidades.Ciudad is not enhanced.

[2014-07-15 14:23:56 #4 type.registry] 
New type com.objectdb.o.LMT

[2014-07-15 14:23:56 #5 type.registry] 
New type com.objectdb.o.VAL

[2014-07-15 14:23:56 #6 type.registry] 
New type com.objectdb.o.RFV

[2014-07-15 14:25:19 #7 store] 
Database 'C:\Users\faster\Documents\NetBeansProjects\COLECTIVOS\colectivos.odb' is closed by 11700@faster-PC

------------------------------------------------------------------------------------------------------------------------

[2014-07-15 14:28:05 #1 store] 
Database 'C:\Users\faster\Documents\NetBeansProjects\COLECTIVOS\colectivos.odb' is opened by 10196@faster-PC

[2014-07-15 14:28:05 #2 type] 
Type entidades.Trayecto is not enhanced.

[2014-07-15 14:28:05 #3 type] 
Type entidades.Ciudad is not enhanced.

[2014-07-15 14:28:40 #4 store] 
Database 'C:\Users\faster\Documents\NetBeansProjects\COLECTIVOS\colectivos.odb' is closed by 10196@faster-PC

------------------------------------------------------------------------------------------------------------------------

[2014-07-15 14:29:43 #1 store] 
Database 'C:\Users\faster\Documents\NetBeansProjects\COLECTIVOS\colectivos.odb' is opened by 10404@faster-PC

[2014-07-15 14:29:43 #2 type] 
Type entidades.Trayecto is not enhanced.

[2014-07-15 14:29:43 #3 type] 
Type entidades.Ciudad is not enhanced.

[2014-07-15 14:30:15 #4 store] 
Database 'C:\Users\faster\Documents\NetBeansProjects\COLECTIVOS\colectivos.odb' is closed by 10404@faster-PC

------------------------------------------------------------------------------------------------------------------------

[2014-07-15 14:33:14 #1 store] 
Database 'C:\Users\faster\Documents\NetBeansProjects\COLECTIVOS\colectivos.odb' is opened by 10232@faster-PC

[2014-07-15 14:33:14 #2 type] 
Type entidades.Trayecto is not enhanced.

[2014-07-15 14:33:14 #3 type] 
Type entidades.Ciudad is not enhanced.

[2014-07-15 14:34:11 #4 store] 
Database 'C:\Users\faster\Documents\NetBeansProjects\COLECTIVOS\colectivos.odb' is closed by 10232@faster-PC

------------------------------------------------------------------------------------------------------------------------

[2014-07-15 14:55:27 #1 store] 
Database 'C:\Users\faster\Documents\NetBeansProjects\COLECTIVOS\colectivos.odb' is opened by 10836@faster-PC

[2014-07-15 14:55:27 #2 type] 
Type entidades.Trayecto is not enhanced.

[2014-07-15 14:55:27 #3 type] 
Type entidades.Ciudad is not enhanced.

[2014-07-15 14:55:32 #4 store] 
Database 'C:\Users\faster\Documents\NetBeansProjects\COLECTIVOS\colectivos.odb' is closed by 10836@faster-PC

------------------------------------------------------------------------------------------------------------------------

[2014-07-15 19:48:33 #1 store] 
Database 'C:\Users\faster\Documents\NetBeansProjects\COLECTIVOS\colectivos.odb' is opened by 3564@faster-PC

[2014-07-15 19:48:33 #2 type] 
Type entidades.Trayecto is not enhanced.

[2014-07-15 19:48:33 #3 type] 
Type entidades.Ciudad is not enhanced.

[2014-07-15 19:49:14 #4 store] 
Database 'C:\Users\faster\Documents\NetBeansProjects\COLECTIVOS\colectivos.odb' is closed by 3564@faster-PC

------------------------------------------------------------------------------------------------------------------------

[2014-07-15 19:49:57 #1 store] 
Database 'C:\Users\faster\Documents\NetBeansProjects\COLECTIVOS\colectivos.odb' is opened by 4908@faster-PC

[2014-07-15 19:49:57 #2 type] 
Type entidades.Trayecto is not enhanced.

[2014-07-15 19:49:57 #3 type] 
Type entidades.Ciudad is not enhanced.

[2014-07-15 19:52:35 #4 store] 
Database 'C:\Users\faster\Documents\NetBeansProjects\COLECTIVOS\colectivos.odb' is closed by 4908@faster-PC

------------------------------------------------------------------------------------------------------------------------

[2014-07-15 19:52:59 #1 store] 
Database 'C:\Users\faster\Documents\NetBeansProjects\COLECTIVOS\colectivos.odb' is opened by 12276@faster-PC

[2014-07-15 19:52:59 #2 type] 
Type entidades.Trayecto is not enhanced.

[2014-07-15 19:52:59 #3 type] 
Type entidades.Ciudad is not enhanced.

[2014-07-15 19:53:12 #4 store] 
Database 'C:\Users\faster\Documents\NetBeansProjects\COLECTIVOS\colectivos.odb' is closed by 12276@faster-PC

------------------------------------------------------------------------------------------------------------------------

[2014-07-15 19:54:25 #1 store] 
Database 'C:\Users\faster\Documents\NetBeansProjects\COLECTIVOS\colectivos.odb' is opened by 13884@faster-PC

[2014-07-15 19:54:25 #2 type] 
Type entidades.Trayecto is not enhanced.

[2014-07-15 19:54:25 #3 type] 
Type entidades.Ciudad is not enhanced.

[2014-07-15 19:54:44 #4 store] 
Database 'C:\Users\faster\Documents\NetBeansProjects\COLECTIVOS\colectivos.odb' is closed by 13884@faster-PC

------------------------------------------------------------------------------------------------------------------------

[2014-07-15 19:55:03 #1 store] 
Database 'C:\Users\faster\Documents\NetBeansProjects\COLECTIVOS\colectivos.odb' is opened by 10028@faster-PC

[2014-07-15 19:55:03 #2 type] 
Type entidades.Trayecto is not enhanced.

[2014-07-15 19:55:03 #3 type] 
Type entidades.Ciudad is not enhanced.

[2014-07-15 19:55:12 #4 store] 
Database 'C:\Users\faster\Documents\NetBeansProjects\COLECTIVOS\colectivos.odb' is closed by 10028@faster-PC

------------------------------------------------------------------------------------------------------------------------

[2014-07-15 20:12:16 #1 store] 
Database 'C:\Users\faster\Documents\NetBeansProjects\COLECTIVOS\colectivos.odb' is opened by 12836@faster-PC

[2014-07-15 20:12:16 #2 type] 
Type entidades.Trayecto is not enhanced.

[2014-07-15 20:12:16 #3 type] 
Type entidades.Ciudad is not enhanced.

[2014-07-15 20:12:37 #4 store] 
Database 'C:\Users\faster\Documents\NetBeansProjects\COLECTIVOS\colectivos.odb' is closed by 12836@faster-PC

------------------------------------------------------------------------------------------------------------------------

[2014-07-15 21:29:30 #1 store] 
Database 'C:\Users\faster\Documents\NetBeansProjects\COLECTIVOS\colectivos.odb' is opened by 13288@faster-PC

[2014-07-15 21:29:30 #2 type] 
Type entidades.Trayecto is not enhanced.

[2014-07-15 21:29:30 #3 type] 
Type entidades.Ciudad is not enhanced.

[2014-07-15 21:29:30 #4 store] 
Database 'C:\Users\faster\Documents\NetBeansProjects\COLECTIVOS\colectivos.odb' is closed by 13288@faster-PC

------------------------------------------------------------------------------------------------------------------------

[2014-07-15 21:34:43 #1 store] 
Database 'C:\Users\faster\Documents\NetBeansProjects\COLECTIVOS\colectivos.odb' is opened by 11976@faster-PC

[2014-07-15 21:34:43 #2 type] 
Type entidades.Trayecto is not enhanced.

[2014-07-15 21:34:43 #3 type] 
Type entidades.Ciudad is not enhanced.

[2014-07-15 21:35:36 #4 store] 
Database 'C:\Users\faster\Documents\NetBeansProjects\COLECTIVOS\colectivos.odb' is closed by 11976@faster-PC

------------------------------------------------------------------------------------------------------------------------

[2014-07-15 21:40:09 #1 store] 
Database 'C:\Users\faster\Documents\NetBeansProjects\COLECTIVOS\colectivos.odb' is opened by 9980@faster-PC

[2014-07-15 21:40:09 #2 type] 
Type entidades.Trayecto is not enhanced.

[2014-07-15 21:40:09 #3 type] 
Type entidades.Ciudad is not enhanced.

[2014-07-15 21:40:44 #4 store] 
Database 'C:\Users\faster\Documents\NetBeansProjects\COLECTIVOS\colectivos.odb' is closed by 9980@faster-PC

------------------------------------------------------------------------------------------------------------------------

[2014-07-15 21:56:13 #1 store] 
Database 'C:\Users\faster\Documents\NetBeansProjects\COLECTIVOS\colectivos.odb' is opened by 2164@faster-PC

[2014-07-15 21:56:13 #2 type] 
Type entidades.Trayecto is not enhanced.

[2014-07-15 21:56:13 #3 type] 
Type entidades.Ciudad is not enhanced.

[2014-07-15 21:56:24 #4 store] 
Database 'C:\Users\faster\Documents\NetBeansProjects\COLECTIVOS\colectivos.odb' is closed by 2164@faster-PC

------------------------------------------------------------------------------------------------------------------------

[2014-07-15 22:03:35 #1 store] 
Database 'C:\Users\faster\Documents\NetBeansProjects\COLECTIVOS\colectivos.odb' is opened by 11224@faster-PC

[2014-07-15 22:03:35 #2 type] 
Type entidades.Trayecto is not enhanced.

[2014-07-15 22:03:35 #3 type] 
Type entidades.Ciudad is not enhanced.

[2014-07-15 22:05:00 #4 store] 
Database 'C:\Users\faster\Documents\NetBeansProjects\COLECTIVOS\colectivos.odb' is closed by 11224@faster-PC

------------------------------------------------------------------------------------------------------------------------

[2014-07-15 22:11:05 #1 store] 
Database 'C:\Users\faster\Documents\NetBeansProjects\COLECTIVOS\colectivos.odb' is opened by 11908@faster-PC

[2014-07-15 22:11:05 #2 type] 
Type entidades.Trayecto is not enhanced.

[2014-07-15 22:11:05 #3 type] 
Type entidades.Ciudad is not enhanced.

[2014-07-15 22:13:25 #4 store] 
Database 'C:\Users\faster\Documents\NetBeansProjects\COLECTIVOS\colectivos.odb' is closed by 11908@faster-PC

------------------------------------------------------------------------------------------------------------------------

[2014-07-15 22:17:46 #1 store] 
Database 'C:\Users\faster\Documents\NetBeansProjects\COLECTIVOS\colectivos.odb' is opened by 12208@faster-PC

[2014-07-15 22:17:46 #2 type] 
Type entidades.Trayecto is not enhanced.

[2014-07-15 22:17:46 #3 type] 
Type entidades.Ciudad is not enhanced.

[2014-07-15 22:18:11 #4 store] 
Database 'C:\Users\faster\Documents\NetBeansProjects\COLECTIVOS\colectivos.odb' is closed by 12208@faster-PC

------------------------------------------------------------------------------------------------------------------------

[2014-07-15 22:18:56 #1 store] 
Database 'C:\Users\faster\Documents\NetBeansProjects\COLECTIVOS\colectivos.odb' is opened by 11564@faster-PC

[2014-07-15 22:18:56 #2 type] 
Type entidades.Trayecto is not enhanced.

[2014-07-15 22:18:56 #3 type] 
Type entidades.Ciudad is not enhanced.

[2014-07-15 22:19:37 #4 store] 
Database 'C:\Users\faster\Documents\NetBeansProjects\COLECTIVOS\colectivos.odb' is closed by 11564@faster-PC

------------------------------------------------------------------------------------------------------------------------

[2014-07-15 22:20:27 #1 store] 
Database 'C:\Users\faster\Documents\NetBeansProjects\COLECTIVOS\colectivos.odb' is opened by 7724@faster-PC

[2014-07-15 22:20:27 #2 type] 
Type entidades.Trayecto is not enhanced.

[2014-07-15 22:20:27 #3 type] 
Type entidades.Ciudad is not enhanced.

[2014-07-15 22:21:11 #4 store] 
Database 'C:\Users\faster\Documents\NetBeansProjects\COLECTIVOS\colectivos.odb' is closed by 7724@faster-PC

------------------------------------------------------------------------------------------------------------------------

[2014-07-15 22:22:03 #1 store] 
Database 'C:\Users\faster\Documents\NetBeansProjects\COLECTIVOS\colectivos.odb' is opened by 13128@faster-PC

[2014-07-15 22:22:03 #2 type] 
Type entidades.Trayecto is not enhanced.

[2014-07-15 22:22:03 #3 type] 
Type entidades.Ciudad is not enhanced.

[2014-07-15 22:23:05 #4 store] 
Database 'C:\Users\faster\Documents\NetBeansProjects\COLECTIVOS\colectivos.odb' is closed by 13128@faster-PC

------------------------------------------------------------------------------------------------------------------------

[2014-07-15 22:32:59 #1 store] 
Database 'C:\Users\faster\Documents\NetBeansProjects\COLECTIVOS\colectivos.odb' is opened by 9444@faster-PC

[2014-07-15 22:32:59 #2 type] 
Type entidades.Trayecto is not enhanced.

[2014-07-15 22:32:59 #3 type] 
Type entidades.Ciudad is not enhanced.

[2014-07-15 22:33:22 #4 store] 
Database 'C:\Users\faster\Documents\NetBeansProjects\COLECTIVOS\colectivos.odb' is closed by 9444@faster-PC

------------------------------------------------------------------------------------------------------------------------

[2014-07-15 23:03:34 #1 store] 
Database 'C:\Users\faster\Documents\NetBeansProjects\COLECTIVOS\colectivos.odb' is opened by 10784@faster-PC

[2014-07-15 23:03:34 #2 type] 
Type entidades.Trayecto is not enhanced.

[2014-07-15 23:03:34 #3 type] 
Type entidades.Ciudad is not enhanced.

[2014-07-15 23:04:18 #4 store] 
Database 'C:\Users\faster\Documents\NetBeansProjects\COLECTIVOS\colectivos.odb' is closed by 10784@faster-PC

------------------------------------------------------------------------------------------------------------------------

[2014-07-15 23:10:49 #1 store] 
Database 'C:\Users\faster\Documents\NetBeansProjects\COLECTIVOS\colectivos.odb' is opened by 8144@faster-PC

[2014-07-15 23:10:49 #2 type] 
Type entidades.Trayecto is not enhanced.

[2014-07-15 23:10:49 #3 type] 
Type entidades.Ciudad is not enhanced.

[2014-07-15 23:11:20 #4 store] 
Database 'C:\Users\faster\Documents\NetBeansProjects\COLECTIVOS\colectivos.odb' is closed by 8144@faster-PC

------------------------------------------------------------------------------------------------------------------------

[2014-07-15 23:12:05 #1 store] 
Database 'C:\Users\faster\Documents\NetBeansProjects\COLECTIVOS\colectivos.odb' is opened by 9380@faster-PC

[2014-07-15 23:12:05 #2 type] 
Type entidades.Trayecto is not enhanced.

[2014-07-15 23:12:05 #3 type] 
Type entidades.Ciudad is not enhanced.

[2014-07-15 23:12:20 #4 store] 
Database 'C:\Users\faster\Documents\NetBeansProjects\COLECTIVOS\colectivos.odb' is closed by 9380@faster-PC

------------------------------------------------------------------------------------------------------------------------

[2014-07-15 23:15:39 #1 store] 
Database 'C:\Users\faster\Documents\NetBeansProjects\COLECTIVOS\colectivos.odb' is opened by 3824@faster-PC

[2014-07-15 23:15:39 #2 type] 
Type entidades.Trayecto is not enhanced.

[2014-07-15 23:15:39 #3 type] 
Type entidades.Ciudad is not enhanced.

[2014-07-15 23:15:49 #4 store] 
Database 'C:\Users\faster\Documents\NetBeansProjects\COLECTIVOS\colectivos.odb' is closed by 3824@faster-PC

------------------------------------------------------------------------------------------------------------------------

[2014-07-15 23:27:14 #1 store] 
Database 'C:\Users\faster\Documents\NetBeansProjects\COLECTIVOS\colectivos.odb' is opened by 12772@faster-PC

[2014-07-15 23:27:14 #2 type] 
Type entidades.Trayecto is not enhanced.

[2014-07-15 23:27:14 #3 type] 
Type entidades.Ciudad is not enhanced.

[2014-07-15 23:27:47 #4 store] 
Database 'C:\Users\faster\Documents\NetBeansProjects\COLECTIVOS\colectivos.odb' is closed by 12772@faster-PC

------------------------------------------------------------------------------------------------------------------------

[2014-07-15 23:35:41 #1 store] 
Database 'C:\Users\faster\Documents\NetBeansProjects\COLECTIVOS\colectivos.odb' is opened by 8784@faster-PC

[2014-07-15 23:35:41 #2 type] 
Type entidades.Trayecto is not enhanced.

[2014-07-15 23:35:41 #3 type] 
Type entidades.Ciudad is not enhanced.

