------------------------------------------------------------------------------------------------------------------------

[2014-07-26 09:57:27 #1 store] 
Database 'C:\Users\faster\Documents\NetBeansProjects\COLECTIVOS\colectivos.odb' is opened by 8284@faster-PC

[2014-07-26 09:57:27 #2 type] 
Type entidades.Ciudad is not enhanced.

[2014-07-26 09:57:27 #3 type] 
Type entidades.Trayecto is not enhanced.

[2014-07-26 09:57:27 #4 type] 
Type entidades.Persona is not enhanced.

[2014-07-26 09:57:27 #5 type] 
Type entidades.Chofer is not enhanced.

[2014-07-26 09:57:27 #6 type] 
Type entidades.Vehiculo is not enhanced.

[2014-07-26 09:57:44 #7 store] 
Database 'C:\Users\faster\Documents\NetBeansProjects\COLECTIVOS\colectivos.odb' is closed by 8284@faster-PC

------------------------------------------------------------------------------------------------------------------------

[2014-07-26 10:25:59 #1 store] 
Database 'C:\Users\faster\Documents\NetBeansProjects\COLECTIVOS\colectivos.odb' is opened by 8376@faster-PC

[2014-07-26 10:25:59 #2 type] 
Type entidades.Ciudad is not enhanced.

[2014-07-26 10:25:59 #3 type] 
Type entidades.Trayecto is not enhanced.

[2014-07-26 10:25:59 #4 type] 
Type entidades.Persona is not enhanced.

[2014-07-26 10:25:59 #5 type] 
Type entidades.Chofer is not enhanced.

[2014-07-26 10:25:59 #6 type] 
Type entidades.Vehiculo is not enhanced.

[2014-07-26 10:26:58 #7 store] 
Database 'C:\Users\faster\Documents\NetBeansProjects\COLECTIVOS\colectivos.odb' is closed by 8376@faster-PC

------------------------------------------------------------------------------------------------------------------------

[2014-07-26 10:29:12 #1 store] 
Database 'C:\Users\faster\Documents\NetBeansProjects\COLECTIVOS\colectivos.odb' is opened by 12744@faster-PC

[2014-07-26 10:29:12 #2 type] 
Type entidades.Ciudad is not enhanced.

[2014-07-26 10:29:12 #3 type] 
Type entidades.Trayecto is not enhanced.

[2014-07-26 10:29:12 #4 type] 
Type entidades.Persona is not enhanced.

[2014-07-26 10:29:12 #5 type] 
Type entidades.Chofer is not enhanced.

[2014-07-26 10:29:12 #6 type] 
Type entidades.Vehiculo is not enhanced.

[2014-07-26 10:40:36 #7 store] 
Database 'C:\Users\faster\Documents\NetBeansProjects\COLECTIVOS\colectivos.odb' is closed by 12744@faster-PC

------------------------------------------------------------------------------------------------------------------------

[2014-07-26 11:01:49 #1 store] 
Database 'C:\Users\faster\Documents\NetBeansProjects\COLECTIVOS\colectivos.odb' is opened by 9348@faster-PC

[2014-07-26 11:01:49 #2 type] 
Type entidades.Ciudad is not enhanced.

[2014-07-26 11:01:49 #3 type] 
Type entidades.Trayecto is not enhanced.

[2014-07-26 11:01:49 #4 type] 
Type entidades.Persona is not enhanced.

[2014-07-26 11:01:49 #5 type] 
Type entidades.Chofer is not enhanced.

[2014-07-26 11:01:49 #6 type] 
Type entidades.Vehiculo is not enhanced.

[2014-07-26 11:02:23 #7 store] 
Database 'C:\Users\faster\Documents\NetBeansProjects\COLECTIVOS\colectivos.odb' is closed by 9348@faster-PC

------------------------------------------------------------------------------------------------------------------------

[2014-07-26 11:02:44 #1 store] 
Database 'C:\Users\faster\Documents\NetBeansProjects\COLECTIVOS\colectivos.odb' is opened by 16084@faster-PC

[2014-07-26 11:02:44 #2 type] 
Type entidades.Ciudad is not enhanced.

[2014-07-26 11:02:44 #3 type] 
Type entidades.Trayecto is not enhanced.

[2014-07-26 11:02:44 #4 type] 
Type entidades.Persona is not enhanced.

[2014-07-26 11:02:44 #5 type] 
Type entidades.Chofer is not enhanced.

[2014-07-26 11:02:44 #6 type] 
Type entidades.Vehiculo is not enhanced.

[2014-07-26 11:03:42 #7 store] 
Database 'C:\Users\faster\Documents\NetBeansProjects\COLECTIVOS\colectivos.odb' is closed by 16084@faster-PC

------------------------------------------------------------------------------------------------------------------------

[2014-07-26 11:07:20 #1 store] 
Database 'C:\Users\faster\Documents\NetBeansProjects\COLECTIVOS\colectivos.odb' is opened by 9500@faster-PC

[2014-07-26 11:07:20 #2 type] 
Type entidades.Ciudad is not enhanced.

[2014-07-26 11:07:20 #3 type] 
Type entidades.Trayecto is not enhanced.

[2014-07-26 11:07:20 #4 type] 
Type entidades.Persona is not enhanced.

[2014-07-26 11:07:20 #5 type] 
Type entidades.Chofer is not enhanced.

[2014-07-26 11:07:20 #6 type] 
Type entidades.Vehiculo is not enhanced.

[2014-07-26 11:07:59 #7 store] 
Database 'C:\Users\faster\Documents\NetBeansProjects\COLECTIVOS\colectivos.odb' is closed by 9500@faster-PC

------------------------------------------------------------------------------------------------------------------------

[2014-07-26 11:09:28 #1 store] 
Database 'C:\Users\faster\Documents\NetBeansProjects\COLECTIVOS\colectivos.odb' is opened by 11364@faster-PC

[2014-07-26 11:09:28 #2 type] 
Type entidades.Ciudad is not enhanced.

[2014-07-26 11:09:28 #3 type] 
Type entidades.Trayecto is not enhanced.

[2014-07-26 11:09:28 #4 type] 
Type entidades.Persona is not enhanced.

[2014-07-26 11:09:28 #5 type] 
Type entidades.Chofer is not enhanced.

[2014-07-26 11:09:28 #6 type] 
Type entidades.Vehiculo is not enhanced.

[2014-07-26 11:10:19 #7 store] 
Database 'C:\Users\faster\Documents\NetBeansProjects\COLECTIVOS\colectivos.odb' is closed by 11364@faster-PC

------------------------------------------------------------------------------------------------------------------------

[2014-07-26 11:40:52 #1 store] 
Database 'C:\Users\faster\Documents\NetBeansProjects\COLECTIVOS\colectivos.odb' is opened by 6020@faster-PC

[2014-07-26 11:40:52 #2 type] 
Type entidades.Ciudad is not enhanced.

[2014-07-26 11:40:52 #3 type] 
Type entidades.Trayecto is not enhanced.

[2014-07-26 11:40:52 #4 type] 
Type entidades.Persona is not enhanced.

[2014-07-26 11:40:52 #5 type] 
Type entidades.Chofer is not enhanced.

[2014-07-26 11:40:52 #6 type] 
Type entidades.Vehiculo is not enhanced.

[2014-07-26 11:40:54 #7 store] 
Database 'C:\Users\faster\Documents\NetBeansProjects\COLECTIVOS\colectivos.odb' is closed by 6020@faster-PC

------------------------------------------------------------------------------------------------------------------------

[2014-07-26 11:43:21 #1 store] 
Database 'C:\Users\faster\Documents\NetBeansProjects\COLECTIVOS\colectivos.odb' is opened by 8872@faster-PC

[2014-07-26 11:43:21 #2 type] 
Type entidades.Ciudad is not enhanced.

[2014-07-26 11:43:21 #3 type] 
Type entidades.Trayecto is not enhanced.

[2014-07-26 11:43:21 #4 type] 
Type entidades.Persona is not enhanced.

[2014-07-26 11:43:21 #5 type] 
Type entidades.Chofer is not enhanced.

[2014-07-26 11:43:21 #6 type] 
Type entidades.Vehiculo is not enhanced.

[2014-07-26 11:43:33 #7 store] 
Database 'C:\Users\faster\Documents\NetBeansProjects\COLECTIVOS\colectivos.odb' is closed by 8872@faster-PC

------------------------------------------------------------------------------------------------------------------------

[2014-07-26 11:46:50 #1 store] 
Database 'C:\Users\faster\Documents\NetBeansProjects\COLECTIVOS\colectivos.odb' is opened by 18092@faster-PC

[2014-07-26 11:46:50 #2 type] 
Type entidades.Ciudad is not enhanced.

[2014-07-26 11:46:50 #3 type] 
Type entidades.Trayecto is not enhanced.

[2014-07-26 11:46:50 #4 type] 
Type entidades.Persona is not enhanced.

[2014-07-26 11:46:50 #5 type] 
Type entidades.Chofer is not enhanced.

[2014-07-26 11:46:50 #6 type] 
Type entidades.Vehiculo is not enhanced.

[2014-07-26 11:47:18 #7 store] 
Database 'C:\Users\faster\Documents\NetBeansProjects\COLECTIVOS\colectivos.odb' is closed by 18092@faster-PC

------------------------------------------------------------------------------------------------------------------------

[2014-07-26 11:47:55 #1 store] 
Database 'C:\Users\faster\Documents\NetBeansProjects\COLECTIVOS\colectivos.odb' is opened by 4516@faster-PC

[2014-07-26 11:47:56 #2 type] 
Type entidades.Ciudad is not enhanced.

[2014-07-26 11:47:56 #3 type] 
Type entidades.Trayecto is not enhanced.

[2014-07-26 11:47:56 #4 type] 
Type entidades.Persona is not enhanced.

[2014-07-26 11:47:56 #5 type] 
Type entidades.Chofer is not enhanced.

[2014-07-26 11:47:56 #6 type] 
Type entidades.Vehiculo is not enhanced.

[2014-07-26 12:05:54 #7 store] 
Database 'C:\Users\faster\Documents\NetBeansProjects\COLECTIVOS\colectivos.odb' is closed by 4516@faster-PC

------------------------------------------------------------------------------------------------------------------------

[2014-07-26 14:38:24 #1 store] 
Database 'C:\Users\faster\Documents\NetBeansProjects\COLECTIVOS\colectivos.odb' is opened by 8268@faster-PC

[2014-07-26 14:38:24 #2 type] 
Type entidades.Ciudad is not enhanced.

[2014-07-26 14:38:24 #3 type] 
Type entidades.Trayecto is not enhanced.

[2014-07-26 14:38:24 #4 type] 
Type entidades.Persona is not enhanced.

[2014-07-26 14:38:24 #5 type] 
Type entidades.Chofer is not enhanced.

[2014-07-26 14:38:24 #6 type] 
Type entidades.Vehiculo is not enhanced.

[2014-07-26 14:38:30 #7 store] 
Database 'C:\Users\faster\Documents\NetBeansProjects\COLECTIVOS\colectivos.odb' is closed by 8268@faster-PC

[2014-07-26 14:38:31 #8 store] 
Database 'C:\Users\faster\Documents\NetBeansProjects\COLECTIVOS\colectivos.odb' is opened by 8268@faster-PC

[2014-07-26 14:39:22 #9 store] 
Database 'C:\Users\faster\Documents\NetBeansProjects\COLECTIVOS\colectivos.odb' is closed by 8268@faster-PC

[2014-07-26 14:39:25 #10 store] 
Database 'C:\Users\faster\Documents\NetBeansProjects\COLECTIVOS\colectivos.odb' is opened by 8268@faster-PC

[2014-07-26 14:40:02 #11 store] 
Database 'C:\Users\faster\Documents\NetBeansProjects\COLECTIVOS\colectivos.odb' is closed by 8268@faster-PC

[2014-07-26 14:40:04 #12 store] 
Database 'C:\Users\faster\Documents\NetBeansProjects\COLECTIVOS\colectivos.odb' is opened by 8268@faster-PC

[2014-07-26 14:40:24 #13 store] 
Database 'C:\Users\faster\Documents\NetBeansProjects\COLECTIVOS\colectivos.odb' is closed by 8268@faster-PC

------------------------------------------------------------------------------------------------------------------------

[2014-07-26 14:42:40 #1 store] 
Database 'C:\Users\faster\Documents\NetBeansProjects\COLECTIVOS\colectivos.odb' is opened by 10332@faster-PC

[2014-07-26 14:42:40 #2 type] 
Type entidades.Ciudad is not enhanced.

[2014-07-26 14:42:40 #3 type] 
Type entidades.Trayecto is not enhanced.

[2014-07-26 14:42:40 #4 type] 
Type entidades.Persona is not enhanced.

[2014-07-26 14:42:40 #5 type] 
Type entidades.Chofer is not enhanced.

[2014-07-26 14:42:40 #6 type] 
Type entidades.Vehiculo is not enhanced.

[2014-07-26 14:42:55 #7 store] 
Database 'C:\Users\faster\Documents\NetBeansProjects\COLECTIVOS\colectivos.odb' is closed by 10332@faster-PC

------------------------------------------------------------------------------------------------------------------------

[2014-07-26 14:56:31 #1 store] 
Database 'C:\Users\faster\Documents\NetBeansProjects\COLECTIVOS\colectivos.odb' is opened by 10304@faster-PC

[2014-07-26 14:56:31 #2 type] 
Type entidades.Ciudad is not enhanced.

[2014-07-26 14:56:31 #3 type] 
Type entidades.Trayecto is not enhanced.

[2014-07-26 14:56:31 #4 type] 
Type entidades.Persona is not enhanced.

[2014-07-26 14:56:31 #5 type] 
Type entidades.Chofer is not enhanced.

[2014-07-26 14:56:31 #6 type] 
Type entidades.Vehiculo is not enhanced.

[2014-07-26 14:56:44 #7 store] 
Database 'C:\Users\faster\Documents\NetBeansProjects\COLECTIVOS\colectivos.odb' is closed by 10304@faster-PC

------------------------------------------------------------------------------------------------------------------------

[2014-07-26 14:57:11 #1 store] 
Database 'C:\Users\faster\Documents\NetBeansProjects\COLECTIVOS\colectivos.odb' is opened by 10728@faster-PC

[2014-07-26 14:57:11 #2 type] 
Type entidades.Ciudad is not enhanced.

[2014-07-26 14:57:11 #3 type] 
Type entidades.Trayecto is not enhanced.

[2014-07-26 14:57:11 #4 type] 
Type entidades.Persona is not enhanced.

[2014-07-26 14:57:11 #5 type] 
Type entidades.Chofer is not enhanced.

[2014-07-26 14:57:11 #6 type] 
Type entidades.Vehiculo is not enhanced.

[2014-07-26 14:57:22 #7 store] 
Database 'C:\Users\faster\Documents\NetBeansProjects\COLECTIVOS\colectivos.odb' is closed by 10728@faster-PC

------------------------------------------------------------------------------------------------------------------------

[2014-07-26 14:57:32 #1 store] 
Database 'C:\Users\faster\Documents\NetBeansProjects\COLECTIVOS\colectivos.odb' is opened by 13884@faster-PC

[2014-07-26 14:57:32 #2 type] 
Type entidades.Ciudad is not enhanced.

[2014-07-26 14:57:32 #3 type] 
Type entidades.Trayecto is not enhanced.

[2014-07-26 14:57:32 #4 type] 
Type entidades.Persona is not enhanced.

[2014-07-26 14:57:32 #5 type] 
Type entidades.Chofer is not enhanced.

[2014-07-26 14:57:32 #6 type] 
Type entidades.Vehiculo is not enhanced.

[2014-07-26 14:57:48 #7 store] 
Database 'C:\Users\faster\Documents\NetBeansProjects\COLECTIVOS\colectivos.odb' is closed by 13884@faster-PC

------------------------------------------------------------------------------------------------------------------------

[2014-07-26 14:57:53 #1 store] 
Database 'C:\Users\faster\Documents\NetBeansProjects\COLECTIVOS\colectivos.odb' is opened by 14288@faster-PC

[2014-07-26 14:57:53 #2 type] 
Type entidades.Ciudad is not enhanced.

[2014-07-26 14:57:53 #3 type] 
Type entidades.Trayecto is not enhanced.

[2014-07-26 14:57:53 #4 type] 
Type entidades.Persona is not enhanced.

[2014-07-26 14:57:53 #5 type] 
Type entidades.Chofer is not enhanced.

[2014-07-26 14:57:53 #6 type] 
Type entidades.Vehiculo is not enhanced.

[2014-07-26 14:57:57 #7 store] 
Database 'C:\Users\faster\Documents\NetBeansProjects\COLECTIVOS\colectivos.odb' is closed by 14288@faster-PC

------------------------------------------------------------------------------------------------------------------------

[2014-07-26 15:57:15 #1 store] 
Database 'C:\Users\faster\Documents\NetBeansProjects\COLECTIVOS\colectivos.odb' is opened by 10660@faster-PC

[2014-07-26 15:57:15 #2 type] 
Type entidades.Ciudad is not enhanced.

[2014-07-26 15:57:15 #3 type] 
Type entidades.Trayecto is not enhanced.

[2014-07-26 15:57:15 #4 type] 
Type entidades.Persona is not enhanced.

[2014-07-26 15:57:15 #5 type] 
Type entidades.Chofer is not enhanced.

[2014-07-26 15:57:15 #6 type] 
Type entidades.Vehiculo is not enhanced.

[2014-07-26 15:57:45 #7 store] 
Database 'C:\Users\faster\Documents\NetBeansProjects\COLECTIVOS\colectivos.odb' is closed by 10660@faster-PC

------------------------------------------------------------------------------------------------------------------------

[2014-07-26 15:58:51 #1 store] 
Database 'C:\Users\faster\Documents\NetBeansProjects\COLECTIVOS\colectivos.odb' is opened by 16628@faster-PC

[2014-07-26 15:58:51 #2 type] 
Type entidades.Ciudad is not enhanced.

[2014-07-26 15:58:51 #3 type] 
Type entidades.Trayecto is not enhanced.

[2014-07-26 15:58:51 #4 type] 
Type entidades.Persona is not enhanced.

[2014-07-26 15:58:51 #5 type] 
Type entidades.Chofer is not enhanced.

[2014-07-26 15:58:51 #6 type] 
Type entidades.Vehiculo is not enhanced.

[2014-07-26 15:58:58 #7 store] 
Database 'C:\Users\faster\Documents\NetBeansProjects\COLECTIVOS\colectivos.odb' is closed by 16628@faster-PC

[2014-07-26 15:58:59 #8 store] 
Database 'C:\Users\faster\Documents\NetBeansProjects\COLECTIVOS\colectivos.odb' is opened by 16628@faster-PC

[2014-07-26 15:59:06 #9 store] 
Database 'C:\Users\faster\Documents\NetBeansProjects\COLECTIVOS\colectivos.odb' is closed by 16628@faster-PC

[2014-07-26 15:59:07 #10 store] 
Database 'C:\Users\faster\Documents\NetBeansProjects\COLECTIVOS\colectivos.odb' is opened by 16628@faster-PC

[2014-07-26 15:59:21 #11 store] 
Database 'C:\Users\faster\Documents\NetBeansProjects\COLECTIVOS\colectivos.odb' is closed by 16628@faster-PC

[2014-07-26 15:59:23 #12 store] 
Database 'C:\Users\faster\Documents\NetBeansProjects\COLECTIVOS\colectivos.odb' is opened by 16628@faster-PC

[2014-07-26 16:00:24 #13 store] 
Database 'C:\Users\faster\Documents\NetBeansProjects\COLECTIVOS\colectivos.odb' is closed by 16628@faster-PC

------------------------------------------------------------------------------------------------------------------------

[2014-07-26 16:01:19 #1 store] 
Database 'C:\Users\faster\Documents\NetBeansProjects\COLECTIVOS\colectivos.odb' is opened by 8012@faster-PC

[2014-07-26 16:01:19 #2 type] 
Type entidades.Ciudad is not enhanced.

[2014-07-26 16:01:19 #3 type] 
Type entidades.Trayecto is not enhanced.

[2014-07-26 16:01:19 #4 type] 
Type entidades.Persona is not enhanced.

[2014-07-26 16:01:19 #5 type] 
Type entidades.Chofer is not enhanced.

[2014-07-26 16:01:19 #6 type] 
Type entidades.Vehiculo is not enhanced.

[2014-07-26 16:02:30 #7 store] 
Database 'C:\Users\faster\Documents\NetBeansProjects\COLECTIVOS\colectivos.odb' is closed by 8012@faster-PC

[2014-07-26 16:02:32 #8 store] 
Database 'C:\Users\faster\Documents\NetBeansProjects\COLECTIVOS\colectivos.odb' is opened by 8012@faster-PC

[2014-07-26 16:02:46 #9 store] 
Database 'C:\Users\faster\Documents\NetBeansProjects\COLECTIVOS\colectivos.odb' is closed by 8012@faster-PC

