------------------------------------------------------------------------------------------------------------------------

[2014-07-28 10:32:34 #1 store] 
Database 'C:\Users\faster\Documents\NetBeansProjects\COLECTIVOS\colectivos.odb' is opened by 6800@faster-PC

[2014-07-28 10:32:34 #2 type] 
Type entidades.Vehiculo is not enhanced.

[2014-07-28 10:32:34 #3 type] 
Type entidades.Persona is not enhanced.

[2014-07-28 10:32:34 #4 type] 
Type entidades.Chofer is not enhanced.

[2014-07-28 10:32:34 #5 type] 
Type entidades.Trayecto is not enhanced.

[2014-07-28 10:32:34 #6 type] 
Type entidades.Ciudad is not enhanced.

[2014-07-28 10:32:56 #7 store] 
Database 'C:\Users\faster\Documents\NetBeansProjects\COLECTIVOS\colectivos.odb' is closed by 6800@faster-PC

------------------------------------------------------------------------------------------------------------------------

[2014-07-28 10:34:09 #1 store] 
Database 'C:\Users\faster\Documents\NetBeansProjects\COLECTIVOS\colectivos.odb' is opened by 17784@faster-PC

[2014-07-28 10:34:09 #2 type] 
Type entidades.Vehiculo is not enhanced.

[2014-07-28 10:34:09 #3 type] 
Type entidades.Persona is not enhanced.

[2014-07-28 10:34:09 #4 type] 
Type entidades.Chofer is not enhanced.

[2014-07-28 10:34:09 #5 type] 
Type entidades.Trayecto is not enhanced.

[2014-07-28 10:34:09 #6 type] 
Type entidades.Ciudad is not enhanced.

[2014-07-28 10:34:19 #7 store] 
Database 'C:\Users\faster\Documents\NetBeansProjects\COLECTIVOS\colectivos.odb' is closed by 17784@faster-PC

------------------------------------------------------------------------------------------------------------------------

[2014-07-28 10:36:42 #1 store] 
Database 'C:\Users\faster\Documents\NetBeansProjects\COLECTIVOS\colectivos.odb' is opened by 11460@faster-PC

[2014-07-28 10:36:42 #2 type] 
Type entidades.Vehiculo is not enhanced.

[2014-07-28 10:36:42 #3 type] 
Type entidades.Persona is not enhanced.

[2014-07-28 10:36:42 #4 type] 
Type entidades.Chofer is not enhanced.

[2014-07-28 10:36:42 #5 type] 
Type entidades.Trayecto is not enhanced.

[2014-07-28 10:36:42 #6 type] 
Type entidades.Ciudad is not enhanced.

[2014-07-28 10:36:54 #7 store] 
Database 'C:\Users\faster\Documents\NetBeansProjects\COLECTIVOS\colectivos.odb' is closed by 11460@faster-PC

------------------------------------------------------------------------------------------------------------------------

[2014-07-28 10:37:52 #1 store] 
Database 'C:\Users\faster\Documents\NetBeansProjects\COLECTIVOS\colectivos.odb' is opened by 10364@faster-PC

[2014-07-28 10:37:52 #2 type] 
Type entidades.Vehiculo is not enhanced.

[2014-07-28 10:37:52 #3 type] 
Type entidades.Persona is not enhanced.

[2014-07-28 10:37:52 #4 type] 
Type entidades.Chofer is not enhanced.

[2014-07-28 10:37:52 #5 type] 
Type entidades.Trayecto is not enhanced.

[2014-07-28 10:37:52 #6 type] 
Type entidades.Ciudad is not enhanced.

[2014-07-28 10:38:49 #7 store] 
Database 'C:\Users\faster\Documents\NetBeansProjects\COLECTIVOS\colectivos.odb' is closed by 10364@faster-PC

------------------------------------------------------------------------------------------------------------------------

[2014-07-28 10:39:15 #1 store] 
Database 'C:\Users\faster\Documents\NetBeansProjects\COLECTIVOS\colectivos.odb' is opened by 14820@faster-PC

[2014-07-28 10:39:16 #2 type] 
Type entidades.Vehiculo is not enhanced.

[2014-07-28 10:39:16 #3 type] 
Type entidades.Persona is not enhanced.

[2014-07-28 10:39:16 #4 type] 
Type entidades.Chofer is not enhanced.

[2014-07-28 10:39:16 #5 type] 
Type entidades.Trayecto is not enhanced.

[2014-07-28 10:39:16 #6 type] 
Type entidades.Ciudad is not enhanced.

[2014-07-28 10:39:47 #7 store] 
Database 'C:\Users\faster\Documents\NetBeansProjects\COLECTIVOS\colectivos.odb' is closed by 14820@faster-PC

